<?xml version="1.0" encoding="utf-8" standalone="no"?>
<!--This file represents the results of running a test suite-->
<test-results name="System.DirectoryServices_test_net_4_5.dll" total="33" failures="0" not-run="0" date="2014-06-29" time="12:36:31">
  <environment nunit-version="2.4.8.0" clr-version="4.0.30319.17020" os-version="Unix 3.15.0.8" platform="Unix" cwd="/store/dash/mono-tizen/mono-sources/mcs/class/System.DirectoryServices" machine-name="mini" user="dash" user-domain="mini" />
  <culture-info current-culture="" current-uiculture="" />
  <test-suite name="System.DirectoryServices_test_net_4_5.dll" success="True" time="0.098" asserts="0">
    <results>
      <test-suite name="MonoTests" success="True" time="0.096" asserts="0">
        <results>
          <test-suite name="System" success="True" time="0.096" asserts="0">
            <results>
              <test-suite name="DirectoryServices" success="True" time="0.096" asserts="0">
                <results>
                  <test-suite name="DirectoryServicesPermissionAttributeTest" success="True" time="0.041" asserts="0">
                    <results>
                      <test-case name="MonoTests.System.DirectoryServices.DirectoryServicesPermissionAttributeTest.Action" executed="True" success="True" time="0.007" asserts="9" />
                      <test-case name="MonoTests.System.DirectoryServices.DirectoryServicesPermissionAttributeTest.Action_Invalid" executed="True" success="True" time="0.000" asserts="0" />
                      <test-case name="MonoTests.System.DirectoryServices.DirectoryServicesPermissionAttributeTest.Attributes" executed="True" success="True" time="0.002" asserts="5" />
                      <test-case name="MonoTests.System.DirectoryServices.DirectoryServicesPermissionAttributeTest.Default" executed="True" success="True" time="0.009" asserts="5" />
                      <test-case name="MonoTests.System.DirectoryServices.DirectoryServicesPermissionAttributeTest.Path" executed="True" success="True" time="0.001" asserts="1" />
                      <test-case name="MonoTests.System.DirectoryServices.DirectoryServicesPermissionAttributeTest.Path_Null" executed="True" success="True" time="0.001" asserts="0" />
                      <test-case name="MonoTests.System.DirectoryServices.DirectoryServicesPermissionAttributeTest.PermissionAccess" executed="True" success="True" time="0.001" asserts="3" />
                      <test-case name="MonoTests.System.DirectoryServices.DirectoryServicesPermissionAttributeTest.PermissionAccess_Invalid" executed="True" success="True" time="0.000" asserts="1" />
                      <test-case name="MonoTests.System.DirectoryServices.DirectoryServicesPermissionAttributeTest.Unrestricted" executed="True" success="True" time="0.001" asserts="4" />
                    </results>
                  </test-suite>
                  <test-suite name="DirectoryServicesPermissionTest" success="True" time="0.042" asserts="0">
                    <results>
                      <test-case name="MonoTests.System.DirectoryServices.DirectoryServicesPermissionTest.Copy" executed="True" success="True" time="0.004" asserts="12" />
                      <test-case name="MonoTests.System.DirectoryServices.DirectoryServicesPermissionTest.DirectoryServicesPermissionAccesss_Bad" executed="True" success="True" time="0.001" asserts="3" />
                      <test-case name="MonoTests.System.DirectoryServices.DirectoryServicesPermissionTest.FromXml_NoClass" executed="True" success="True" time="0.005" asserts="0" />
                      <test-case name="MonoTests.System.DirectoryServices.DirectoryServicesPermissionTest.FromXml_NoVersion" executed="True" success="True" time="0.001" asserts="0" />
                      <test-case name="MonoTests.System.DirectoryServices.DirectoryServicesPermissionTest.FromXml_Null" executed="True" success="True" time="0.000" asserts="0" />
                      <test-case name="MonoTests.System.DirectoryServices.DirectoryServicesPermissionTest.FromXml_WrongClass" executed="True" success="True" time="0.000" asserts="0" />
                      <test-case name="MonoTests.System.DirectoryServices.DirectoryServicesPermissionTest.FromXml_WrongTag" executed="True" success="True" time="0.001" asserts="0" />
                      <test-case name="MonoTests.System.DirectoryServices.DirectoryServicesPermissionTest.FromXml_WrongTagCase" executed="True" success="True" time="0.000" asserts="0" />
                      <test-case name="MonoTests.System.DirectoryServices.DirectoryServicesPermissionTest.FromXml_WrongVersion" executed="True" success="True" time="0.001" asserts="0" />
                      <test-case name="MonoTests.System.DirectoryServices.DirectoryServicesPermissionTest.Intersect_None" executed="True" success="True" time="0.001" asserts="3" />
                      <test-case name="MonoTests.System.DirectoryServices.DirectoryServicesPermissionTest.Intersect_Null" executed="True" success="True" time="0.000" asserts="1" />
                      <test-case name="MonoTests.System.DirectoryServices.DirectoryServicesPermissionTest.Intersect_Unrestricted" executed="True" success="True" time="0.001" asserts="12" />
                      <test-case name="MonoTests.System.DirectoryServices.DirectoryServicesPermissionTest.IsSubset_None" executed="True" success="True" time="0.001" asserts="8" />
                      <test-case name="MonoTests.System.DirectoryServices.DirectoryServicesPermissionTest.IsSubset_Null" executed="True" success="True" time="0.000" asserts="1" />
                      <test-case name="MonoTests.System.DirectoryServices.DirectoryServicesPermissionTest.IsSubset_Self" executed="True" success="True" time="0.000" asserts="4" />
                      <test-case name="MonoTests.System.DirectoryServices.DirectoryServicesPermissionTest.IsSubset_Unrestricted" executed="True" success="True" time="0.000" asserts="9" />
                      <test-case name="MonoTests.System.DirectoryServices.DirectoryServicesPermissionTest.PermissionEntries" executed="True" success="True" time="0.001" asserts="4" />
                      <test-case name="MonoTests.System.DirectoryServices.DirectoryServicesPermissionTest.PermissionState_Bad" executed="True" success="True" time="0.005" asserts="0" />
                      <test-case name="MonoTests.System.DirectoryServices.DirectoryServicesPermissionTest.PermissionState_None" executed="True" success="True" time="0.001" asserts="7" />
                      <test-case name="MonoTests.System.DirectoryServices.DirectoryServicesPermissionTest.PermissionState_Unrestricted" executed="True" success="True" time="0.001" asserts="7" />
                      <test-case name="MonoTests.System.DirectoryServices.DirectoryServicesPermissionTest.Union_None" executed="True" success="True" time="0.001" asserts="16" />
                      <test-case name="MonoTests.System.DirectoryServices.DirectoryServicesPermissionTest.Union_Null" executed="True" success="True" time="0.002" asserts="1" />
                      <test-case name="MonoTests.System.DirectoryServices.DirectoryServicesPermissionTest.Union_Self" executed="True" success="True" time="0.001" asserts="8" />
                      <test-case name="MonoTests.System.DirectoryServices.DirectoryServicesPermissionTest.Union_Unrestricted" executed="True" success="True" time="0.001" asserts="16" />
                    </results>
                  </test-suite>
                </results>
              </test-suite>
            </results>
          </test-suite>
        </results>
      </test-suite>
    </results>
  </test-suite>
</test-results>