<?xml version="1.0" encoding="utf-8" standalone="no"?>
<!--This file represents the results of running a test suite-->
<test-results name="System.Data_test_net_4_5.dll" total="2114" failures="0" not-run="17" date="2014-06-29" time="12:49:39">
  <environment nunit-version="2.4.8.0" clr-version="4.0.30319.17020" os-version="Unix 3.15.0.8" platform="Unix" cwd="/store/dash/mono-tizen/mono-sources/mcs/class/System.Data" machine-name="mini" user="dash" user-domain="mini" />
  <culture-info current-culture="" current-uiculture="" />
  <test-suite name="System.Data_test_net_4_5.dll" success="True" time="12.841" asserts="0">
    <results>
      <test-suite name="BinarySerializationTest" success="True" time="0.464" asserts="0">
        <results>
          <test-case name="BinarySerializationTest.Constraint_Relations_Test1" executed="True" success="True" time="0.225" asserts="16" />
          <test-case name="BinarySerializationTest.Constraint_Relations_Test2" executed="True" success="True" time="0.059" asserts="16" />
          <test-case name="BinarySerializationTest.DataSetSerializationTest1" executed="True" success="True" time="0.007" asserts="25" />
          <test-case name="BinarySerializationTest.DataSetSerializationTest2" executed="True" success="True" time="0.017" asserts="25" />
          <test-case name="BinarySerializationTest.DataTableSerializationTest1" executed="True" success="True" time="0.017" asserts="14" />
          <test-case name="BinarySerializationTest.DataTableSerializationTest2" executed="True" success="True" time="0.031" asserts="14" />
          <test-case name="BinarySerializationTest.RemotingFormatDataSetTest" executed="True" success="True" time="0.001" asserts="8" />
          <test-case name="BinarySerializationTest.RemotingFormatDataTableTest" executed="True" success="True" time="0.000" asserts="2" />
          <test-case name="BinarySerializationTest.Test_With_DateTime_Values1" executed="True" success="True" time="0.003" asserts="4" />
          <test-case name="BinarySerializationTest.Test_With_Null_Values1" executed="True" success="True" time="0.002" asserts="8" />
          <test-case name="BinarySerializationTest.Test_With_Null_Values2" executed="True" success="True" time="0.058" asserts="8" />
          <test-case name="BinarySerializationTest.TestDefaultValues" executed="True" success="True" time="0.006" asserts="4" />
          <test-case name="BinarySerializationTest.TestEmptyTable" executed="True" success="True" time="0.003" asserts="1" />
        </results>
      </test-suite>
      <test-suite name="MonoTests" success="True" time="7.807" asserts="0">
        <results>
          <test-suite name="System" success="True" time="7.798" asserts="0">
            <results>
              <test-suite name="Configuration" success="True" time="0.024" asserts="0">
                <results>
                  <test-suite name="ConnectionStringsSectionTest" success="True" time="0.023" asserts="0">
                    <results>
                      <test-case name="MonoTests.System.Configuration.ConnectionStringsSectionTest.GetConfigTest" executed="True" success="True" time="0.023" asserts="5" />
                    </results>
                  </test-suite>
                </results>
              </test-suite>
              <test-suite name="Data" success="True" time="7.592" asserts="0">
                <results>
                  <test-suite name="AppDomainsAndFormatInfo" success="True" time="0.292" asserts="0">
                    <results>
                      <test-case name="MonoTests.System.Data.AppDomainsAndFormatInfo.Bug55978" executed="True" success="True" time="0.031" asserts="2" />
                      <test-case name="MonoTests.System.Data.AppDomainsAndFormatInfo.Bug82109" executed="True" success="True" time="0.003" asserts="3" />
                      <test-case name="MonoTests.System.Data.AppDomainsAndFormatInfo.NFIFromBug55978" executed="True" success="True" time="0.256" asserts="1" />
                    </results>
                  </test-suite>
                  <test-suite name="Common" success="True" time="0.461" asserts="0">
                    <results>
                      <test-suite name="DataAdapterTest" success="True" time="0.026" asserts="0">
                        <results>
                          <test-case name="MonoTests.System.Data.Common.DataAdapterTest.AcceptChangesDuringFill" executed="True" success="True" time="0.002" asserts="3" />
                          <test-case name="MonoTests.System.Data.Common.DataAdapterTest.AcceptChangesDuringUpdate" executed="True" success="True" time="0.001" asserts="3" />
                          <test-case name="MonoTests.System.Data.Common.DataAdapterTest.ContinueUpdateOnError" executed="True" success="True" time="0.001" asserts="3" />
                          <test-case name="MonoTests.System.Data.Common.DataAdapterTest.Fill_Direct" executed="True" success="True" time="0.001" asserts="3" />
                          <test-case name="MonoTests.System.Data.Common.DataAdapterTest.FillLoadOption" executed="True" success="True" time="0.001" asserts="3" />
                          <test-case name="MonoTests.System.Data.Common.DataAdapterTest.FillLoadOption_Invalid" executed="True" success="True" time="0.002" asserts="7" />
                          <test-case name="MonoTests.System.Data.Common.DataAdapterTest.MissingMappingAction_Invalid" executed="True" success="True" time="0.001" asserts="7" />
                          <test-case name="MonoTests.System.Data.Common.DataAdapterTest.MissingMappingAction_Valid" executed="True" success="True" time="0.001" asserts="3" />
                          <test-case name="MonoTests.System.Data.Common.DataAdapterTest.MissingSchemaAction_Invalid" executed="True" success="True" time="0.001" asserts="7" />
                          <test-case name="MonoTests.System.Data.Common.DataAdapterTest.MissingSchemaAction_Valid" executed="True" success="True" time="0.001" asserts="3" />
                          <test-case name="MonoTests.System.Data.Common.DataAdapterTest.ReturnProviderSpecificTypes" executed="True" success="True" time="0.000" asserts="3" />
                        </results>
                      </test-suite>
                      <test-suite name="DataColumnMappingCollectionTest" success="True" time="0.032" asserts="0">
                        <results>
                          <test-case name="MonoTests.System.Data.Common.DataColumnMappingCollectionTest.Add" executed="True" success="True" time="0.003" asserts="5" />
                          <test-case name="MonoTests.System.Data.Common.DataColumnMappingCollectionTest.AddException1" executed="True" success="True" time="0.001" asserts="0" />
                          <test-case name="MonoTests.System.Data.Common.DataColumnMappingCollectionTest.AddRange" executed="True" success="True" time="0.001" asserts="6" />
                          <test-case name="MonoTests.System.Data.Common.DataColumnMappingCollectionTest.Clear" executed="True" success="True" time="0.000" asserts="4" />
                          <test-case name="MonoTests.System.Data.Common.DataColumnMappingCollectionTest.Contains" executed="True" success="True" time="0.001" asserts="9" />
                          <test-case name="MonoTests.System.Data.Common.DataColumnMappingCollectionTest.ContainsException1" executed="True" success="True" time="0.000" asserts="0" />
                          <test-case name="MonoTests.System.Data.Common.DataColumnMappingCollectionTest.CopyTo" executed="True" success="True" time="0.001" asserts="12" />
                          <test-case name="MonoTests.System.Data.Common.DataColumnMappingCollectionTest.Equals" executed="True" success="True" time="0.001" asserts="13" />
                          <test-case name="MonoTests.System.Data.Common.DataColumnMappingCollectionTest.GetByDataSetColumn" executed="True" success="True" time="0.001" asserts="4" />
                          <test-case name="MonoTests.System.Data.Common.DataColumnMappingCollectionTest.GetColumnMappingBySchemaAction" executed="True" success="True" time="0.001" asserts="5" />
                          <test-case name="MonoTests.System.Data.Common.DataColumnMappingCollectionTest.GetColumnMappingBySchemaActionException1" executed="True" success="True" time="0.000" asserts="0" />
                          <test-case name="MonoTests.System.Data.Common.DataColumnMappingCollectionTest.IndexOf" executed="True" success="True" time="0.001" asserts="4" />
                          <test-case name="MonoTests.System.Data.Common.DataColumnMappingCollectionTest.IndexOfDataSetColumn" executed="True" success="True" time="0.001" asserts="5" />
                          <test-case name="MonoTests.System.Data.Common.DataColumnMappingCollectionTest.Insert" executed="True" success="True" time="0.001" asserts="1" />
                          <test-case name="MonoTests.System.Data.Common.DataColumnMappingCollectionTest.Remove" executed="False">
                            <reason>
                              <message><![CDATA[This test is wrong. A mapping in a DataColumnMappingCollection must be identical.]]></message>
                            </reason>
                          </test-case>
                          <test-case name="MonoTests.System.Data.Common.DataColumnMappingCollectionTest.RemoveAt" executed="True" success="True" time="0.001" asserts="4" />
                          <test-case name="MonoTests.System.Data.Common.DataColumnMappingCollectionTest.RemoveAtException1" executed="True" success="True" time="0.000" asserts="0" />
                          <test-case name="MonoTests.System.Data.Common.DataColumnMappingCollectionTest.RemoveAtException2" executed="True" success="True" time="0.000" asserts="0" />
                          <test-case name="MonoTests.System.Data.Common.DataColumnMappingCollectionTest.RemoveException1" executed="True" success="True" time="0.000" asserts="0" />
                          <test-case name="MonoTests.System.Data.Common.DataColumnMappingCollectionTest.RemoveException2" executed="True" success="True" time="0.001" asserts="0" />
                          <test-case name="MonoTests.System.Data.Common.DataColumnMappingCollectionTest.ToStringTest" executed="True" success="True" time="0.000" asserts="1" />
                        </results>
                      </test-suite>
                      <test-suite name="DataTableMappingCollectionTest" success="True" time="0.031" asserts="0">
                        <results>
                          <test-case name="MonoTests.System.Data.Common.DataTableMappingCollectionTest.Add" executed="True" success="True" time="0.003" asserts="5" />
                          <test-case name="MonoTests.System.Data.Common.DataTableMappingCollectionTest.AddException1" executed="True" success="True" time="0.000" asserts="0" />
                          <test-case name="MonoTests.System.Data.Common.DataTableMappingCollectionTest.AddRange" executed="True" success="True" time="0.001" asserts="6" />
                          <test-case name="MonoTests.System.Data.Common.DataTableMappingCollectionTest.Clear" executed="True" success="True" time="0.000" asserts="4" />
                          <test-case name="MonoTests.System.Data.Common.DataTableMappingCollectionTest.Contains" executed="True" success="True" time="0.001" asserts="9" />
                          <test-case name="MonoTests.System.Data.Common.DataTableMappingCollectionTest.CopyTo" executed="True" success="True" time="0.001" asserts="12" />
                          <test-case name="MonoTests.System.Data.Common.DataTableMappingCollectionTest.Equals" executed="True" success="True" time="0.001" asserts="13" />
                          <test-case name="MonoTests.System.Data.Common.DataTableMappingCollectionTest.GetByDataSetTable" executed="True" success="True" time="0.001" asserts="4" />
                          <test-case name="MonoTests.System.Data.Common.DataTableMappingCollectionTest.GetTableMappingBySchemaAction" executed="True" success="True" time="0.001" asserts="5" />
                          <test-case name="MonoTests.System.Data.Common.DataTableMappingCollectionTest.GetTableMappingBySchemaActionException1" executed="True" success="True" time="0.000" asserts="0" />
                          <test-case name="MonoTests.System.Data.Common.DataTableMappingCollectionTest.IndexOf" executed="True" success="True" time="0.001" asserts="4" />
                          <test-case name="MonoTests.System.Data.Common.DataTableMappingCollectionTest.IndexOfDataSetTable" executed="True" success="True" time="0.001" asserts="5" />
                          <test-case name="MonoTests.System.Data.Common.DataTableMappingCollectionTest.Insert" executed="True" success="True" time="0.001" asserts="1" />
                          <test-case name="MonoTests.System.Data.Common.DataTableMappingCollectionTest.Remove" executed="False">
                            <reason>
                              <message><![CDATA[This test is invalid; a mapping in a mapcollection must be identical.]]></message>
                            </reason>
                          </test-case>
                          <test-case name="MonoTests.System.Data.Common.DataTableMappingCollectionTest.RemoveAt" executed="True" success="True" time="0.001" asserts="4" />
                          <test-case name="MonoTests.System.Data.Common.DataTableMappingCollectionTest.RemoveAtException1" executed="True" success="True" time="0.000" asserts="0" />
                          <test-case name="MonoTests.System.Data.Common.DataTableMappingCollectionTest.RemoveAtException2" executed="True" success="True" time="0.000" asserts="0" />
                          <test-case name="MonoTests.System.Data.Common.DataTableMappingCollectionTest.RemoveException1" executed="True" success="True" time="0.001" asserts="0" />
                          <test-case name="MonoTests.System.Data.Common.DataTableMappingCollectionTest.RemoveException2" executed="True" success="True" time="0.000" asserts="0" />
                          <test-case name="MonoTests.System.Data.Common.DataTableMappingCollectionTest.ToStringTest" executed="True" success="True" time="0.000" asserts="1" />
                        </results>
                      </test-suite>
                      <test-suite name="DbCommandBuilderTest" success="True" time="0.039" asserts="0">
                        <results>
                          <test-case name="MonoTests.System.Data.Common.DbCommandBuilderTest.CatalogLocation_Value_Invalid" executed="True" success="True" time="0.002" asserts="7" />
                          <test-case name="MonoTests.System.Data.Common.DbCommandBuilderTest.CatalogLocationTest" executed="True" success="True" time="0.000" asserts="2" />
                          <test-case name="MonoTests.System.Data.Common.DbCommandBuilderTest.CatalogSeparator" executed="True" success="True" time="0.000" asserts="6" />
                          <test-case name="MonoTests.System.Data.Common.DbCommandBuilderTest.ConflictOption_Value_Invalid" executed="True" success="True" time="0.001" asserts="7" />
                          <test-case name="MonoTests.System.Data.Common.DbCommandBuilderTest.ConflictOptionTest" executed="True" success="True" time="0.000" asserts="2" />
                          <test-case name="MonoTests.System.Data.Common.DbCommandBuilderTest.QuoteIdentifier" executed="True" success="True" time="0.001" asserts="6" />
                          <test-case name="MonoTests.System.Data.Common.DbCommandBuilderTest.QuotePrefix" executed="True" success="True" time="0.001" asserts="6" />
                          <test-case name="MonoTests.System.Data.Common.DbCommandBuilderTest.QuoteSuffix" executed="True" success="True" time="0.001" asserts="6" />
                          <test-case name="MonoTests.System.Data.Common.DbCommandBuilderTest.SchemaSeparator" executed="True" success="True" time="0.000" asserts="6" />
                        </results>
                      </test-suite>
                      <test-suite name="DbConnectionStringBuilderTest" success="True" time="0.130" asserts="0">
                        <results>
                          <test-case name="MonoTests.System.Data.Common.DbConnectionStringBuilderTest.Add" executed="True" success="True" time="0.010" asserts="10" />
                          <test-case name="MonoTests.System.Data.Common.DbConnectionStringBuilderTest.Add_Keyword_Invalid" executed="True" success="True" time="0.001" asserts="40" />
                          <test-case name="MonoTests.System.Data.Common.DbConnectionStringBuilderTest.Add_Keyword_Null" executed="True" success="True" time="0.000" asserts="4" />
                          <test-case name="MonoTests.System.Data.Common.DbConnectionStringBuilderTest.AddDuplicateTest" executed="True" success="True" time="0.004" asserts="1" />
                          <test-case name="MonoTests.System.Data.Common.DbConnectionStringBuilderTest.AppendKeyValuePair1" executed="True" success="True" time="0.006" asserts="35" />
                          <test-case name="MonoTests.System.Data.Common.DbConnectionStringBuilderTest.AppendKeyValuePair1_Builder_Null" executed="True" success="True" time="0.000" asserts="4" />
                          <test-case name="MonoTests.System.Data.Common.DbConnectionStringBuilderTest.AppendKeyValuePair1_Keyword_Empty" executed="True" success="True" time="0.000" asserts="4" />
                          <test-case name="MonoTests.System.Data.Common.DbConnectionStringBuilderTest.AppendKeyValuePair1_Keyword_Null" executed="True" success="True" time="0.000" asserts="4" />
                          <test-case name="MonoTests.System.Data.Common.DbConnectionStringBuilderTest.AppendKeyValuePair2_Builder_Null" executed="True" success="True" time="0.000" asserts="8" />
                          <test-case name="MonoTests.System.Data.Common.DbConnectionStringBuilderTest.AppendKeyValuePair2_Keyword_Empty" executed="True" success="True" time="0.001" asserts="8" />
                          <test-case name="MonoTests.System.Data.Common.DbConnectionStringBuilderTest.AppendKeyValuePair2_Keyword_Null" executed="True" success="True" time="0.001" asserts="8" />
                          <test-case name="MonoTests.System.Data.Common.DbConnectionStringBuilderTest.AppendKeyValuePair2_UseOdbcRules_False" executed="True" success="True" time="0.006" asserts="91" />
                          <test-case name="MonoTests.System.Data.Common.DbConnectionStringBuilderTest.AppendKeyValuePair2_UseOdbcRules_True" executed="True" success="True" time="0.013" asserts="177" />
                          <test-case name="MonoTests.System.Data.Common.DbConnectionStringBuilderTest.Clear" executed="True" success="True" time="0.003" asserts="21" />
                          <test-case name="MonoTests.System.Data.Common.DbConnectionStringBuilderTest.ConnectionString" executed="True" success="True" time="0.002" asserts="16" />
                          <test-case name="MonoTests.System.Data.Common.DbConnectionStringBuilderTest.ConnectionString_Value_Empty" executed="True" success="True" time="0.001" asserts="9" />
                          <test-case name="MonoTests.System.Data.Common.DbConnectionStringBuilderTest.ContainsKey" executed="True" success="True" time="0.001" asserts="27" />
                          <test-case name="MonoTests.System.Data.Common.DbConnectionStringBuilderTest.ContainsKey_Keyword_Null" executed="True" success="True" time="0.001" asserts="4" />
                          <test-case name="MonoTests.System.Data.Common.DbConnectionStringBuilderTest.EmbeddedChar_ConnectionString_Invalid" executed="True" success="True" time="0.002" asserts="132" />
                          <test-case name="MonoTests.System.Data.Common.DbConnectionStringBuilderTest.EmbeddedCharTest1" executed="True" success="True" time="0.002" asserts="18" />
                          <test-case name="MonoTests.System.Data.Common.DbConnectionStringBuilderTest.EmbeddedCharTest2" executed="True" success="True" time="0.002" asserts="24" />
                          <test-case name="MonoTests.System.Data.Common.DbConnectionStringBuilderTest.EmbeddedCharTest3" executed="True" success="True" time="0.001" asserts="12" />
                          <test-case name="MonoTests.System.Data.Common.DbConnectionStringBuilderTest.EmbeddedCharTest4" executed="True" success="True" time="0.001" asserts="3" />
                          <test-case name="MonoTests.System.Data.Common.DbConnectionStringBuilderTest.EmbeddedCharTest5" executed="True" success="True" time="0.002" asserts="30" />
                          <test-case name="MonoTests.System.Data.Common.DbConnectionStringBuilderTest.EmbeddedCharTest6" executed="True" success="True" time="0.016" asserts="558" />
                          <test-case name="MonoTests.System.Data.Common.DbConnectionStringBuilderTest.EquivalentToTest" executed="True" success="True" time="0.001" asserts="2" />
                          <test-case name="MonoTests.System.Data.Common.DbConnectionStringBuilderTest.ICollectionCopyToTest" executed="True" success="True" time="0.001" asserts="4" />
                          <test-case name="MonoTests.System.Data.Common.DbConnectionStringBuilderTest.ICTD_GetClassNameTest" executed="True" success="True" time="0.002" asserts="7">
                            <categories>
                              <category name="MobileNotWorking" />
                            </categories>
                          </test-case>
                          <test-case name="MonoTests.System.Data.Common.DbConnectionStringBuilderTest.Indexer" executed="True" success="True" time="0.002" asserts="36" />
                          <test-case name="MonoTests.System.Data.Common.DbConnectionStringBuilderTest.Indexer_Keyword_Invalid" executed="True" success="True" time="0.003" asserts="88" />
                          <test-case name="MonoTests.System.Data.Common.DbConnectionStringBuilderTest.Indexer_Keyword_NotSupported" executed="True" success="True" time="0.000" asserts="5" />
                          <test-case name="MonoTests.System.Data.Common.DbConnectionStringBuilderTest.Indexer_Keyword_Null" executed="True" success="True" time="0.001" asserts="12" />
                          <test-case name="MonoTests.System.Data.Common.DbConnectionStringBuilderTest.Indexer_Value_Null" executed="True" success="True" time="0.001" asserts="11" />
                          <test-case name="MonoTests.System.Data.Common.DbConnectionStringBuilderTest.ItemTest" executed="True" success="True" time="0.000" asserts="1" />
                          <test-case name="MonoTests.System.Data.Common.DbConnectionStringBuilderTest.NegICollectionCopyToTest" executed="True" success="True" time="0.000" asserts="0" />
                          <test-case name="MonoTests.System.Data.Common.DbConnectionStringBuilderTest.Remove" executed="True" success="True" time="0.002" asserts="57" />
                          <test-case name="MonoTests.System.Data.Common.DbConnectionStringBuilderTest.Remove_Keyword_Null" executed="True" success="True" time="0.001" asserts="4" />
                          <test-case name="MonoTests.System.Data.Common.DbConnectionStringBuilderTest.ToStringTest" executed="True" success="True" time="0.000" asserts="1" />
                          <test-case name="MonoTests.System.Data.Common.DbConnectionStringBuilderTest.TryGetValue_Keyword_Null" executed="True" success="True" time="0.001" asserts="4" />
                          <test-case name="MonoTests.System.Data.Common.DbConnectionStringBuilderTest.TryGetValueTest" executed="True" success="True" time="0.002" asserts="54" />
                        </results>
                      </test-suite>
                      <test-suite name="DbDataAdapterTest" success="True" time="0.035" asserts="0">
                        <results>
                          <test-case name="MonoTests.System.Data.Common.DbDataAdapterTest.AddToBatch" executed="True" success="True" time="0.023" asserts="3" />
                          <test-case name="MonoTests.System.Data.Common.DbDataAdapterTest.ClearBatch" executed="True" success="True" time="0.001" asserts="3" />
                          <test-case name="MonoTests.System.Data.Common.DbDataAdapterTest.ExecuteBatch" executed="True" success="True" time="0.001" asserts="3" />
                          <test-case name="MonoTests.System.Data.Common.DbDataAdapterTest.GetBatchedParameter" executed="True" success="True" time="0.001" asserts="3" />
                          <test-case name="MonoTests.System.Data.Common.DbDataAdapterTest.GetBatchedRecordsAffected" executed="True" success="True" time="0.001" asserts="3" />
                          <test-case name="MonoTests.System.Data.Common.DbDataAdapterTest.InitializeBatching" executed="True" success="True" time="0.001" asserts="3" />
                          <test-case name="MonoTests.System.Data.Common.DbDataAdapterTest.TerminateBatching" executed="True" success="True" time="0.001" asserts="3" />
                          <test-case name="MonoTests.System.Data.Common.DbDataAdapterTest.UpdateBatchSize" executed="True" success="True" time="0.001" asserts="9" />
                          <test-case name="MonoTests.System.Data.Common.DbDataAdapterTest.UpdateBatchSize_Negative" executed="True" success="True" time="0.001" asserts="3" />
                        </results>
                      </test-suite>
                      <test-suite name="DBDataPermissionAttributeTest" success="True" time="0.012" asserts="0">
                        <results>
                          <test-case name="MonoTests.System.Data.Common.DBDataPermissionAttributeTest.Action" executed="True" success="True" time="0.001" asserts="9" />
                          <test-case name="MonoTests.System.Data.Common.DBDataPermissionAttributeTest.Action_Invalid" executed="True" success="True" time="0.000" asserts="0" />
                          <test-case name="MonoTests.System.Data.Common.DBDataPermissionAttributeTest.AllowBlankPassword" executed="True" success="True" time="0.001" asserts="3" />
                          <test-case name="MonoTests.System.Data.Common.DBDataPermissionAttributeTest.Attributes" executed="True" success="True" time="0.001" asserts="5" />
                          <test-case name="MonoTests.System.Data.Common.DBDataPermissionAttributeTest.ConnectionString" executed="True" success="True" time="0.001" asserts="3" />
                          <test-case name="MonoTests.System.Data.Common.DBDataPermissionAttributeTest.Default" executed="True" success="True" time="0.001" asserts="8" />
                          <test-case name="MonoTests.System.Data.Common.DBDataPermissionAttributeTest.KeyRestriction" executed="True" success="True" time="0.001" asserts="3" />
                          <test-case name="MonoTests.System.Data.Common.DBDataPermissionAttributeTest.KeyRestrictionBehavior_All" executed="True" success="True" time="0.001" asserts="2" />
                          <test-case name="MonoTests.System.Data.Common.DBDataPermissionAttributeTest.KeyRestrictionBehavior_Invalid" executed="True" success="True" time="0.001" asserts="7" />
                        </results>
                      </test-suite>
                      <test-suite name="DBDataPermissionTest" success="True" time="0.068" asserts="0">
                        <results>
                          <test-case name="MonoTests.System.Data.Common.DBDataPermissionTest.Add" executed="True" success="True" time="0.007" asserts="4" />
                          <test-case name="MonoTests.System.Data.Common.DBDataPermissionTest.Add_Differents" executed="True" success="True" time="0.000" asserts="2" />
                          <test-case name="MonoTests.System.Data.Common.DBDataPermissionTest.Add_Duplicates" executed="True" success="True" time="0.000" asserts="2" />
                          <test-case name="MonoTests.System.Data.Common.DBDataPermissionTest.Add_Unrestricted" executed="True" success="True" time="0.000" asserts="3" />
                          <test-case name="MonoTests.System.Data.Common.DBDataPermissionTest.AllowBlankPassword" executed="True" success="True" time="0.000" asserts="4" />
                          <test-case name="MonoTests.System.Data.Common.DBDataPermissionTest.Constructor_DBDataPermission" executed="True" success="True" time="0.001" asserts="3" />
                          <test-case name="MonoTests.System.Data.Common.DBDataPermissionTest.Constructor_DBDataPermission_Null" executed="True" success="True" time="0.000" asserts="0" />
                          <test-case name="MonoTests.System.Data.Common.DBDataPermissionTest.Constructor_DBDataPermissionAttribute" executed="True" success="True" time="0.001" asserts="12" />
                          <test-case name="MonoTests.System.Data.Common.DBDataPermissionTest.Constructor_DBDataPermissionAttribute_Null" executed="True" success="True" time="0.000" asserts="0" />
                          <test-case name="MonoTests.System.Data.Common.DBDataPermissionTest.Constructor_PermissionState_Invalid" executed="True" success="True" time="0.001" asserts="0" />
                          <test-case name="MonoTests.System.Data.Common.DBDataPermissionTest.Constructor_PermissionState_None" executed="True" success="True" time="0.000" asserts="6" />
                          <test-case name="MonoTests.System.Data.Common.DBDataPermissionTest.Constructor_PermissionState_Unrestricted" executed="True" success="True" time="0.000" asserts="6" />
                          <test-case name="MonoTests.System.Data.Common.DBDataPermissionTest.CreateInstance" executed="True" success="True" time="0.000" asserts="1" />
                          <test-case name="MonoTests.System.Data.Common.DBDataPermissionTest.FromXml_NoClass" executed="True" success="True" time="0.002" asserts="0" />
                          <test-case name="MonoTests.System.Data.Common.DBDataPermissionTest.FromXml_NoVersion" executed="True" success="True" time="0.000" asserts="0" />
                          <test-case name="MonoTests.System.Data.Common.DBDataPermissionTest.FromXml_Null" executed="True" success="True" time="0.000" asserts="0" />
                          <test-case name="MonoTests.System.Data.Common.DBDataPermissionTest.FromXml_WrongClass" executed="True" success="True" time="0.000" asserts="0" />
                          <test-case name="MonoTests.System.Data.Common.DBDataPermissionTest.FromXml_WrongTag" executed="True" success="True" time="0.000" asserts="0" />
                          <test-case name="MonoTests.System.Data.Common.DBDataPermissionTest.FromXml_WrongTagCase" executed="True" success="True" time="0.000" asserts="0" />
                          <test-case name="MonoTests.System.Data.Common.DBDataPermissionTest.FromXml_WrongVersion" executed="True" success="True" time="0.001" asserts="0" />
                          <test-case name="MonoTests.System.Data.Common.DBDataPermissionTest.Intersect" executed="True" success="True" time="0.001" asserts="23" />
                          <test-case name="MonoTests.System.Data.Common.DBDataPermissionTest.Intersect_AllowBlankPassword" executed="True" success="True" time="0.000" asserts="12" />
                          <test-case name="MonoTests.System.Data.Common.DBDataPermissionTest.Intersect_BadPermission" executed="True" success="True" time="0.000" asserts="0" />
                          <test-case name="MonoTests.System.Data.Common.DBDataPermissionTest.Intersect_Null" executed="True" success="True" time="0.000" asserts="1" />
                          <test-case name="MonoTests.System.Data.Common.DBDataPermissionTest.IsSubset" executed="True" success="True" time="0.001" asserts="17" />
                          <test-case name="MonoTests.System.Data.Common.DBDataPermissionTest.IsSubset_Null" executed="True" success="True" time="0.001" asserts="3" />
                          <test-case name="MonoTests.System.Data.Common.DBDataPermissionTest.IsSubsetOf_Allow_EmptyPrevent_KeyRestrictionBehavior" executed="True" success="True" time="0.000" asserts="4" />
                          <test-case name="MonoTests.System.Data.Common.DBDataPermissionTest.IsSubsetOf_AllowBlankPassword" executed="True" success="True" time="0.000" asserts="4" />
                          <test-case name="MonoTests.System.Data.Common.DBDataPermissionTest.IsSubsetOf_AllowPreventDifferent_KeyRestrictionBehavior" executed="True" success="True" time="0.000" asserts="4" />
                          <test-case name="MonoTests.System.Data.Common.DBDataPermissionTest.IsSubsetOf_AllowPreventSame_KeyRestrictionBehavior" executed="True" success="True" time="0.000" asserts="4" />
                          <test-case name="MonoTests.System.Data.Common.DBDataPermissionTest.IsSubsetOf_BadPermission" executed="True" success="True" time="0.000" asserts="0" />
                          <test-case name="MonoTests.System.Data.Common.DBDataPermissionTest.IsSubsetOf_BothEmpty_KeyRestrictionBehavior" executed="True" success="True" time="0.001" asserts="4" />
                          <test-case name="MonoTests.System.Data.Common.DBDataPermissionTest.IsSubsetOf_EmptyAllow_Prevent_KeyRestrictionBehavior" executed="True" success="True" time="0.000" asserts="4" />
                          <test-case name="MonoTests.System.Data.Common.DBDataPermissionTest.Union" executed="True" success="True" time="0.001" asserts="19" />
                          <test-case name="MonoTests.System.Data.Common.DBDataPermissionTest.Union_AllowBlankPassword" executed="True" success="True" time="0.000" asserts="12" />
                          <test-case name="MonoTests.System.Data.Common.DBDataPermissionTest.Union_BadPermission" executed="True" success="True" time="0.000" asserts="0" />
                          <test-case name="MonoTests.System.Data.Common.DBDataPermissionTest.Union_Null" executed="True" success="True" time="0.000" asserts="9" />
                        </results>
                      </test-suite>
                      <test-suite name="DbProviderFactoriesConfigurationHandlerTest" success="True" time="0.036" asserts="0">
                        <results>
                          <test-case name="MonoTests.System.Data.Common.DbProviderFactoriesConfigurationHandlerTest.GetConfigTest" executed="True" success="True" time="0.016" asserts="11" />
                          <test-case name="MonoTests.System.Data.Common.DbProviderFactoriesConfigurationHandlerTest.PopulateFactoriesTest" executed="True" success="True" time="0.005" asserts="0" />
                          <test-case name="MonoTests.System.Data.Common.DbProviderFactoriesConfigurationHandlerTest.PopulateTest" executed="True" success="True" time="0.003" asserts="9" />
                        </results>
                      </test-suite>
                      <test-suite name="DbTransactionTest" success="True" time="0.012" asserts="0">
                        <results>
                          <test-case name="MonoTests.System.Data.Common.DbTransactionTest.DisposeTest" executed="True" success="True" time="0.001" asserts="4" />
                        </results>
                      </test-suite>
                      <test-suite name="SqlConnectionStringBuilderTest" success="True" time="0.027" asserts="0">
                        <results>
                          <test-case name="MonoTests.System.Data.Common.SqlConnectionStringBuilderTest.DefaultValuestTest" executed="True" success="True" time="0.007" asserts="1" />
                          <test-case name="MonoTests.System.Data.Common.SqlConnectionStringBuilderTest.DefaultValuestTest2" executed="True" success="True" time="0.003" asserts="1" />
                          <test-case name="MonoTests.System.Data.Common.SqlConnectionStringBuilderTest.InvalidKeyTest" executed="True" success="True" time="0.003" asserts="0" />
                          <test-case name="MonoTests.System.Data.Common.SqlConnectionStringBuilderTest.ItemTest" executed="True" success="True" time="0.009" asserts="1" />
                          <test-case name="MonoTests.System.Data.Common.SqlConnectionStringBuilderTest.PropertiesTest" executed="True" success="True" time="0.001" asserts="1" />
                          <test-case name="MonoTests.System.Data.Common.SqlConnectionStringBuilderTest.RemoveTest" executed="True" success="True" time="0.001" asserts="3" />
                        </results>
                      </test-suite>
                    </results>
                  </test-suite>
                  <test-suite name="ConstraintCollectionTest" success="True" time="0.048" asserts="0">
                    <results>
                      <test-case name="MonoTests.System.Data.ConstraintCollectionTest.Add" executed="True" success="True" time="0.004" asserts="1" />
                      <test-case name="MonoTests.System.Data.ConstraintCollectionTest.AddExceptions" executed="True" success="True" time="0.001" asserts="0" />
                      <test-case name="MonoTests.System.Data.ConstraintCollectionTest.AddFkException1" executed="True" success="True" time="0.001" asserts="0" />
                      <test-case name="MonoTests.System.Data.ConstraintCollectionTest.AddFkException2" executed="True" success="True" time="0.000" asserts="0" />
                      <test-case name="MonoTests.System.Data.ConstraintCollectionTest.AddRange" executed="True" success="True" time="0.001" asserts="4" />
                      <test-case name="MonoTests.System.Data.ConstraintCollectionTest.AddRemoveTest" executed="True" success="True" time="0.002" asserts="7" />
                      <test-case name="MonoTests.System.Data.ConstraintCollectionTest.AddUniqueExceptions" executed="True" success="True" time="0.001" asserts="0" />
                      <test-case name="MonoTests.System.Data.ConstraintCollectionTest.CanRemove" executed="False">
                        <reason>
                          <message><![CDATA[This never works on MS.NET (and it should not)]]></message>
                        </reason>
                      </test-case>
                      <test-case name="MonoTests.System.Data.ConstraintCollectionTest.Clear" executed="True" success="True" time="0.000" asserts="2" />
                      <test-case name="MonoTests.System.Data.ConstraintCollectionTest.CollectionChanged" executed="True" success="True" time="0.000" asserts="0" />
                      <test-case name="MonoTests.System.Data.ConstraintCollectionTest.Contains" executed="True" success="True" time="0.000" asserts="2" />
                      <test-case name="MonoTests.System.Data.ConstraintCollectionTest.Indexer" executed="True" success="True" time="0.001" asserts="4" />
                      <test-case name="MonoTests.System.Data.ConstraintCollectionTest.IndexerFailures" executed="True" success="True" time="0.001" asserts="1" />
                      <test-case name="MonoTests.System.Data.ConstraintCollectionTest.IndexOf" executed="True" success="True" time="0.000" asserts="4" />
                      <test-case name="MonoTests.System.Data.ConstraintCollectionTest.RemoveExceptions" executed="True" success="True" time="0.001" asserts="1" />
                      <test-case name="MonoTests.System.Data.ConstraintCollectionTest.TestAddRange2" executed="True" success="True" time="0.002" asserts="5">
                        <categories>
                          <category name="NotDotNet" />
                        </categories>
                      </test-case>
                    </results>
                  </test-suite>
                  <test-suite name="ConstraintCollectionTest2" success="True" time="0.080" asserts="0">
                    <results>
                      <test-case name="MonoTests.System.Data.ConstraintCollectionTest2.add_CollectionChanged" executed="True" success="True" time="0.002" asserts="1" />
                      <test-case name="MonoTests.System.Data.ConstraintCollectionTest2.Add_Constraint" executed="True" success="True" time="0.009" asserts="4" />
                      <test-case name="MonoTests.System.Data.ConstraintCollectionTest2.Add_Constraint_Column_Column" executed="True" success="True" time="0.001" asserts="5" />
                      <test-case name="MonoTests.System.Data.ConstraintCollectionTest2.Add_ConstraintFirst_RelationNext" executed="True" success="True" time="0.001" asserts="4" />
                      <test-case name="MonoTests.System.Data.ConstraintCollectionTest2.Add_RelationFirst_ConstraintNext" executed="True" success="True" time="0.001" asserts="0" />
                      <test-case name="MonoTests.System.Data.ConstraintCollectionTest2.Add_SDB1" executed="True" success="True" time="0.002" asserts="2" />
                      <test-case name="MonoTests.System.Data.ConstraintCollectionTest2.Add_SDB2" executed="True" success="True" time="0.001" asserts="2" />
                      <test-case name="MonoTests.System.Data.ConstraintCollectionTest2.Add_SDB3" executed="True" success="True" time="0.001" asserts="0" />
                      <test-case name="MonoTests.System.Data.ConstraintCollectionTest2.Add_SDB4" executed="True" success="True" time="0.000" asserts="0" />
                      <test-case name="MonoTests.System.Data.ConstraintCollectionTest2.AddRange_C1" executed="True" success="True" time="0.000" asserts="1" />
                      <test-case name="MonoTests.System.Data.ConstraintCollectionTest2.AddRange_C2" executed="True" success="True" time="0.001" asserts="2" />
                      <test-case name="MonoTests.System.Data.ConstraintCollectionTest2.AddRange_C3" executed="True" success="True" time="0.000" asserts="0" />
                      <test-case name="MonoTests.System.Data.ConstraintCollectionTest2.AddRange_C4" executed="True" success="True" time="0.000" asserts="0" />
                      <test-case name="MonoTests.System.Data.ConstraintCollectionTest2.CanRemove_ChildForeign" executed="True" success="True" time="0.000" asserts="1" />
                      <test-case name="MonoTests.System.Data.ConstraintCollectionTest2.CanRemove_ParentAndChildForeign" executed="True" success="True" time="0.001" asserts="1" />
                      <test-case name="MonoTests.System.Data.ConstraintCollectionTest2.CanRemove_ParentForeign" executed="True" success="True" time="0.000" asserts="1" />
                      <test-case name="MonoTests.System.Data.ConstraintCollectionTest2.Clear_Foreign" executed="True" success="True" time="0.001" asserts="2" />
                      <test-case name="MonoTests.System.Data.ConstraintCollectionTest2.Clear_Unique" executed="True" success="True" time="0.000" asserts="1" />
                      <test-case name="MonoTests.System.Data.ConstraintCollectionTest2.CollectionChanged" executed="True" success="True" time="0.000" asserts="1" />
                      <test-case name="MonoTests.System.Data.ConstraintCollectionTest2.Contains_ByName" executed="True" success="True" time="0.001" asserts="4" />
                      <test-case name="MonoTests.System.Data.ConstraintCollectionTest2.CopyTo" executed="True" success="True" time="0.000" asserts="1" />
                      <test-case name="MonoTests.System.Data.ConstraintCollectionTest2.Count" executed="True" success="True" time="0.000" asserts="3" />
                      <test-case name="MonoTests.System.Data.ConstraintCollectionTest2.GetEnumerator" executed="True" success="True" time="0.001" asserts="1" />
                      <test-case name="MonoTests.System.Data.ConstraintCollectionTest2.IndexOf" executed="True" success="True" time="0.001" asserts="3" />
                      <test-case name="MonoTests.System.Data.ConstraintCollectionTest2.IndexOf_ByName" executed="True" success="True" time="0.000" asserts="3" />
                      <test-case name="MonoTests.System.Data.ConstraintCollectionTest2.IndexOf_SameColumns" executed="True" success="True" time="0.000" asserts="1" />
                      <test-case name="MonoTests.System.Data.ConstraintCollectionTest2.IsReadOnly" executed="True" success="True" time="0.000" asserts="1" />
                      <test-case name="MonoTests.System.Data.ConstraintCollectionTest2.IsSynchronized" executed="True" success="True" time="0.000" asserts="1" />
                      <test-case name="MonoTests.System.Data.ConstraintCollectionTest2.Item" executed="True" success="True" time="0.001" asserts="2" />
                      <test-case name="MonoTests.System.Data.ConstraintCollectionTest2.Remove" executed="True" success="True" time="0.000" asserts="1" />
                      <test-case name="MonoTests.System.Data.ConstraintCollectionTest2.Remove_ByNameCollectionChangedEvent" executed="True" success="True" time="0.000" asserts="1" />
                      <test-case name="MonoTests.System.Data.ConstraintCollectionTest2.Remove_ByNameSimple" executed="True" success="True" time="0.000" asserts="1" />
                      <test-case name="MonoTests.System.Data.ConstraintCollectionTest2.Remove_ByNameWithAdd" executed="True" success="True" time="0.000" asserts="2" />
                      <test-case name="MonoTests.System.Data.ConstraintCollectionTest2.Remove_CheckUnique" executed="True" success="True" time="0.001" asserts="3" />
                      <test-case name="MonoTests.System.Data.ConstraintCollectionTest2.Remove_CollectionChangedEvent" executed="True" success="True" time="0.000" asserts="1" />
                      <test-case name="MonoTests.System.Data.ConstraintCollectionTest2.Remove_Constraint" executed="True" success="True" time="0.001" asserts="7" />
                      <test-case name="MonoTests.System.Data.ConstraintCollectionTest2.RemoveAt_Integer" executed="True" success="True" time="0.003" asserts="4" />
                      <test-case name="MonoTests.System.Data.ConstraintCollectionTest2.RemoveTest" executed="True" success="True" time="0.001" asserts="3" />
                    </results>
                  </test-suite>
                  <test-suite name="ConstraintTest" success="True" time="0.002" asserts="0">
                    <results>
                      <test-case name="MonoTests.System.Data.ConstraintTest.GetExtendedProperties" executed="True" success="True" time="0.000" asserts="1" />
                      <test-case name="MonoTests.System.Data.ConstraintTest.SetConstraintNameDuplicateException" executed="True" success="True" time="0.000" asserts="0" />
                      <test-case name="MonoTests.System.Data.ConstraintTest.SetConstraintNameNullOrEmptyExceptions" executed="True" success="True" time="0.000" asserts="2" />
                      <test-case name="MonoTests.System.Data.ConstraintTest.ToStringTest" executed="True" success="True" time="0.000" asserts="2" />
                    </results>
                  </test-suite>
                  <test-suite name="DataColumnCollectionTest" success="True" time="0.064" asserts="0">
                    <results>
                      <test-case name="MonoTests.System.Data.DataColumnCollectionTest.Add" executed="True" success="True" time="0.011" asserts="110" />
                      <test-case name="MonoTests.System.Data.DataColumnCollectionTest.Add3_ColumnName_Empty" executed="True" success="True" time="0.004" asserts="12" />
                      <test-case name="MonoTests.System.Data.DataColumnCollectionTest.Add3_ColumnName_Null" executed="True" success="True" time="0.001" asserts="12" />
                      <test-case name="MonoTests.System.Data.DataColumnCollectionTest.AddExceptions" executed="True" success="True" time="0.004" asserts="1" />
                      <test-case name="MonoTests.System.Data.DataColumnCollectionTest.AddRange" executed="True" success="True" time="0.003" asserts="44" />
                      <test-case name="MonoTests.System.Data.DataColumnCollectionTest.AddValidationExceptions" executed="True" success="True" time="0.000" asserts="0" />
                      <test-case name="MonoTests.System.Data.DataColumnCollectionTest.CanRemove" executed="True" success="True" time="0.008" asserts="6" />
                      <test-case name="MonoTests.System.Data.DataColumnCollectionTest.CaseSensitiveIndexOfTest" executed="True" success="True" time="0.001" asserts="1" />
                      <test-case name="MonoTests.System.Data.DataColumnCollectionTest.Clear" executed="True" success="True" time="0.001" asserts="2" />
                      <test-case name="MonoTests.System.Data.DataColumnCollectionTest.Clear_ExpressionColumn" executed="True" success="True" time="0.003" asserts="1" />
                      <test-case name="MonoTests.System.Data.DataColumnCollectionTest.Contains" executed="True" success="True" time="0.001" asserts="7" />
                      <test-case name="MonoTests.System.Data.DataColumnCollectionTest.CopyTo" executed="True" success="True" time="0.001" asserts="12" />
                      <test-case name="MonoTests.System.Data.DataColumnCollectionTest.Equals" executed="True" success="True" time="0.001" asserts="6" />
                      <test-case name="MonoTests.System.Data.DataColumnCollectionTest.IndexOf" executed="True" success="True" time="0.002" asserts="6" />
                      <test-case name="MonoTests.System.Data.DataColumnCollectionTest.Remove" executed="True" success="True" time="0.003" asserts="13" />
                      <test-case name="MonoTests.System.Data.DataColumnCollectionTest.Remove_Dep_Rel_Col" executed="True" success="True" time="0.002" asserts="0" />
                      <test-case name="MonoTests.System.Data.DataColumnCollectionTest.ToStringTest" executed="True" success="True" time="0.001" asserts="1" />
                    </results>
                  </test-suite>
                  <test-suite name="DataColumnCollectionTest2" success="True" time="0.089" asserts="0">
                    <results>
                      <test-case name="MonoTests.System.Data.DataColumnCollectionTest2.Add" executed="True" success="True" time="0.007" asserts="31" />
                      <test-case name="MonoTests.System.Data.DataColumnCollectionTest2.Add_DataColumn1" executed="True" success="True" time="0.002" asserts="3" />
                      <test-case name="MonoTests.System.Data.DataColumnCollectionTest2.Add_DataColumn2" executed="True" success="True" time="0.001" asserts="0" />
                      <test-case name="MonoTests.System.Data.DataColumnCollectionTest2.Add_DataColumn3" executed="True" success="True" time="0.000" asserts="0" />
                      <test-case name="MonoTests.System.Data.DataColumnCollectionTest2.Add_String1" executed="True" success="True" time="0.003" asserts="2" />
                      <test-case name="MonoTests.System.Data.DataColumnCollectionTest2.Add_String2" executed="True" success="True" time="0.001" asserts="0" />
                      <test-case name="MonoTests.System.Data.DataColumnCollectionTest2.AddRange_DataColumn1" executed="True" success="True" time="0.001" asserts="5" />
                      <test-case name="MonoTests.System.Data.DataColumnCollectionTest2.AddRange_DataColumn2" executed="True" success="True" time="0.001" asserts="0" />
                      <test-case name="MonoTests.System.Data.DataColumnCollectionTest2.Clear1" executed="True" success="True" time="0.000" asserts="1" />
                      <test-case name="MonoTests.System.Data.DataColumnCollectionTest2.Clear2" executed="True" success="True" time="0.001" asserts="0" />
                      <test-case name="MonoTests.System.Data.DataColumnCollectionTest2.Clear3" executed="True" success="True" time="0.000" asserts="2" />
                      <test-case name="MonoTests.System.Data.DataColumnCollectionTest2.Count" executed="True" success="True" time="0.000" asserts="4" />
                      <test-case name="MonoTests.System.Data.DataColumnCollectionTest2.DataColumnCollection_AddRange_DataColumn3" executed="True" success="True" time="0.000" asserts="0" />
                      <test-case name="MonoTests.System.Data.DataColumnCollectionTest2.GetEnumerator" executed="True" success="True" time="0.002" asserts="1" />
                      <test-case name="MonoTests.System.Data.DataColumnCollectionTest2.Indexer1" executed="True" success="True" time="0.000" asserts="6" />
                      <test-case name="MonoTests.System.Data.DataColumnCollectionTest2.Indexer1_Index_Negative" executed="True" success="True" time="0.003" asserts="3" />
                      <test-case name="MonoTests.System.Data.DataColumnCollectionTest2.Indexer1_Index_Overflow" executed="True" success="True" time="0.001" asserts="3" />
                      <test-case name="MonoTests.System.Data.DataColumnCollectionTest2.Indexer2" executed="True" success="True" time="0.000" asserts="5" />
                      <test-case name="MonoTests.System.Data.DataColumnCollectionTest2.Indexer2_Name_Empty" executed="True" success="True" time="0.000" asserts="1" />
                      <test-case name="MonoTests.System.Data.DataColumnCollectionTest2.Indexer2_Name_Null" executed="True" success="True" time="0.000" asserts="4" />
                      <test-case name="MonoTests.System.Data.DataColumnCollectionTest2.Remove" executed="True" success="True" time="0.002" asserts="12" />
                      <test-case name="MonoTests.System.Data.DataColumnCollectionTest2.RemoveAt_Integer" executed="True" success="True" time="0.001" asserts="2" />
                      <test-case name="MonoTests.System.Data.DataColumnCollectionTest2.Test_Indexes" executed="True" success="True" time="0.011" asserts="2" />
                      <test-case name="MonoTests.System.Data.DataColumnCollectionTest2.TestAdd_ByTableName" executed="True" success="True" time="0.001" asserts="3" />
                      <test-case name="MonoTests.System.Data.DataColumnCollectionTest2.TestAdd_CollectionChanged" executed="True" success="True" time="0.001" asserts="2" />
                      <test-case name="MonoTests.System.Data.DataColumnCollectionTest2.TestCanRemove_ByDataColumn" executed="True" success="True" time="0.001" asserts="4" />
                      <test-case name="MonoTests.System.Data.DataColumnCollectionTest2.TestCanRemove_Expression" executed="True" success="True" time="0.001" asserts="1" />
                      <test-case name="MonoTests.System.Data.DataColumnCollectionTest2.TestCanRemove_ForigenConstraint" executed="True" success="True" time="0.001" asserts="2" />
                      <test-case name="MonoTests.System.Data.DataColumnCollectionTest2.TestCanRemove_ParentRelations" executed="True" success="True" time="0.002" asserts="2" />
                      <test-case name="MonoTests.System.Data.DataColumnCollectionTest2.TestContains_ByColumnName" executed="True" success="True" time="0.001" asserts="7" />
                      <test-case name="MonoTests.System.Data.DataColumnCollectionTest2.TestIndexOf_ByColumnName" executed="True" success="True" time="0.000" asserts="8" />
                      <test-case name="MonoTests.System.Data.DataColumnCollectionTest2.TestIndexOf_ByDataColumn" executed="True" success="True" time="0.002" asserts="8" />
                      <test-case name="MonoTests.System.Data.DataColumnCollectionTest2.TestRemove_ByDataColumn" executed="True" success="True" time="0.003" asserts="12" />
                      <test-case name="MonoTests.System.Data.DataColumnCollectionTest2.TestRemove_CollectionChanged" executed="True" success="True" time="0.000" asserts="2" />
                      <test-case name="MonoTests.System.Data.DataColumnCollectionTest2.TestSetName_CollectionChanged" executed="True" success="True" time="0.000" asserts="1" />
                    </results>
                  </test-suite>
                  <test-suite name="DataColumnTest" success="True" time="0.177" asserts="0">
                    <results>
                      <test-case name="MonoTests.System.Data.DataColumnTest.AdditionToConstraintCollectionTest" executed="True" success="True" time="0.001" asserts="1" />
                      <test-case name="MonoTests.System.Data.DataColumnTest.Aggregation_CheckIfChangesDynamically" executed="True" success="True" time="0.014" asserts="14" />
                      <test-case name="MonoTests.System.Data.DataColumnTest.Aggregation_CheckIfChangesDynamically_ChildTable" executed="True" success="True" time="0.004" asserts="14" />
                      <test-case name="MonoTests.System.Data.DataColumnTest.Aggregation_TestForSyntaxErrors" executed="True" success="True" time="0.001" asserts="0" />
                      <test-case name="MonoTests.System.Data.DataColumnTest.AllowDBNull" executed="True" success="True" time="0.000" asserts="0" />
                      <test-case name="MonoTests.System.Data.DataColumnTest.AllowDBNull1" executed="True" success="True" time="0.001" asserts="1" />
                      <test-case name="MonoTests.System.Data.DataColumnTest.AutoIncrement" executed="True" success="True" time="0.000" asserts="3" />
                      <test-case name="MonoTests.System.Data.DataColumnTest.AutoIncrementExceptions" executed="True" success="True" time="0.000" asserts="0" />
                      <test-case name="MonoTests.System.Data.DataColumnTest.B565616_NonIConvertibleTypeTest" executed="True" success="True" time="0.000" asserts="1" />
                      <test-case name="MonoTests.System.Data.DataColumnTest.B623451_SetOrdinalTest" executed="True" success="True" time="0.001" asserts="9" />
                      <test-case name="MonoTests.System.Data.DataColumnTest.CalcStatisticalFunction_SingleElement" executed="True" success="True" time="0.001" asserts="2" />
                      <test-case name="MonoTests.System.Data.DataColumnTest.Caption" executed="True" success="True" time="0.000" asserts="3" />
                      <test-case name="MonoTests.System.Data.DataColumnTest.ChangeTypeAfterSettingDefaultValue" executed="True" success="True" time="0.001" asserts="0" />
                      <test-case name="MonoTests.System.Data.DataColumnTest.CheckValuesAfterRemovedFromCollection" executed="True" success="True" time="0.001" asserts="8" />
                      <test-case name="MonoTests.System.Data.DataColumnTest.Constructor3_DataType_Null" executed="True" success="True" time="0.000" asserts="4" />
                      <test-case name="MonoTests.System.Data.DataColumnTest.Ctor" executed="True" success="True" time="0.000" asserts="0" />
                      <test-case name="MonoTests.System.Data.DataColumnTest.DateTime_DataType_Invalid" executed="True" success="True" time="0.001" asserts="5" />
                      <test-case name="MonoTests.System.Data.DataColumnTest.DateTimeMode_Invalid" executed="True" success="True" time="0.001" asserts="6" />
                      <test-case name="MonoTests.System.Data.DataColumnTest.DateTimeMode_Valid" executed="True" success="True" time="0.000" asserts="3" />
                      <test-case name="MonoTests.System.Data.DataColumnTest.Defaults1" executed="True" success="True" time="0.001" asserts="6" />
                      <test-case name="MonoTests.System.Data.DataColumnTest.Defaults2" executed="True" success="True" time="0.001" asserts="6" />
                      <test-case name="MonoTests.System.Data.DataColumnTest.Defaults3" executed="True" success="True" time="0.000" asserts="2" />
                      <test-case name="MonoTests.System.Data.DataColumnTest.DefaultValue" executed="True" success="True" time="0.001" asserts="0" />
                      <test-case name="MonoTests.System.Data.DataColumnTest.ExpressionAggregates" executed="True" success="True" time="0.039" asserts="14" />
                      <test-case name="MonoTests.System.Data.DataColumnTest.ExpressionColumns_CheckConversions" executed="False">
                        <reason>
                          <message><![CDATA[passes in ms.net but looks more like a bug in ms.net]]></message>
                        </reason>
                      </test-case>
                      <test-case name="MonoTests.System.Data.DataColumnTest.ExpressionFunctions" executed="True" success="True" time="0.005" asserts="10" />
                      <test-case name="MonoTests.System.Data.DataColumnTest.ExpressionOperator" executed="True" success="True" time="0.005" asserts="21" />
                      <test-case name="MonoTests.System.Data.DataColumnTest.ExpressionSubstringlimits" executed="True" success="True" time="0.001" asserts="0" />
                      <test-case name="MonoTests.System.Data.DataColumnTest.ForColumnNameException" executed="True" success="True" time="0.003" asserts="1" />
                      <test-case name="MonoTests.System.Data.DataColumnTest.SetDataType" executed="True" success="True" time="0.000" asserts="0" />
                      <test-case name="MonoTests.System.Data.DataColumnTest.SetMaxLengthException" executed="True" success="True" time="0.000" asserts="0" />
                      <test-case name="MonoTests.System.Data.DataColumnTest.SetMaxLengthNegativeValue" executed="True" success="True" time="0.000" asserts="0" />
                      <test-case name="MonoTests.System.Data.DataColumnTest.Xamarin665" executed="True" success="True" time="0.000" asserts="0" />
                    </results>
                  </test-suite>
                  <test-suite name="DataColumnTest2" success="True" time="0.143" asserts="0">
                    <results>
                      <test-case name="MonoTests.System.Data.DataColumnTest2.AllowDBNull" executed="True" success="True" time="0.001" asserts="3" />
                      <test-case name="MonoTests.System.Data.DataColumnTest2.AutoIncrement" executed="True" success="True" time="0.000" asserts="2" />
                      <test-case name="MonoTests.System.Data.DataColumnTest2.AutoIncrementSeed" executed="True" success="True" time="0.000" asserts="3" />
                      <test-case name="MonoTests.System.Data.DataColumnTest2.AutoIncrementStep" executed="True" success="True" time="0.000" asserts="3" />
                      <test-case name="MonoTests.System.Data.DataColumnTest2.bug672113_MulpleColConstraint" executed="True" success="True" time="0.001" asserts="2" />
                      <test-case name="MonoTests.System.Data.DataColumnTest2.Caption" executed="True" success="True" time="0.000" asserts="2" />
                      <test-case name="MonoTests.System.Data.DataColumnTest2.ColumnName" executed="True" success="True" time="0.000" asserts="3" />
                      <test-case name="MonoTests.System.Data.DataColumnTest2.ctor" executed="True" success="True" time="0.000" asserts="1" />
                      <test-case name="MonoTests.System.Data.DataColumnTest2.ctor_ByColumnName" executed="True" success="True" time="0.000" asserts="2" />
                      <test-case name="MonoTests.System.Data.DataColumnTest2.ctor_ByColumnNameType" executed="True" success="True" time="0.001" asserts="32" />
                      <test-case name="MonoTests.System.Data.DataColumnTest2.ctor_ByColumnNameTypeExpression" executed="True" success="True" time="0.003" asserts="1" />
                      <test-case name="MonoTests.System.Data.DataColumnTest2.ctor_ByColumnNameTypeExpressionMappingType" executed="True" success="True" time="0.001" asserts="4" />
                      <test-case name="MonoTests.System.Data.DataColumnTest2.DataType" executed="True" success="True" time="0.001" asserts="17" />
                      <test-case name="MonoTests.System.Data.DataColumnTest2.DateTimeMode_DataType" executed="True" success="True" time="0.000" asserts="3" />
                      <test-case name="MonoTests.System.Data.DataColumnTest2.DateTimeMode_InvalidValues" executed="True" success="True" time="0.000" asserts="0" />
                      <test-case name="MonoTests.System.Data.DataColumnTest2.DateTimeMode_RowsAdded" executed="True" success="True" time="0.001" asserts="1" />
                      <test-case name="MonoTests.System.Data.DataColumnTest2.Equals" executed="True" success="True" time="0.000" asserts="2" />
                      <test-case name="MonoTests.System.Data.DataColumnTest2.Expression" executed="True" success="True" time="0.002" asserts="2" />
                      <test-case name="MonoTests.System.Data.DataColumnTest2.Expression_Aggregate" executed="True" success="True" time="0.010" asserts="6" />
                      <test-case name="MonoTests.System.Data.DataColumnTest2.Expression_AggregateRelation" executed="True" success="True" time="0.005" asserts="18" />
                      <test-case name="MonoTests.System.Data.DataColumnTest2.Expression_Exceptions" executed="True" success="True" time="0.003" asserts="0" />
                      <test-case name="MonoTests.System.Data.DataColumnTest2.Expression_IIF" executed="True" success="True" time="0.001" asserts="12" />
                      <test-case name="MonoTests.System.Data.DataColumnTest2.Expression_ISNULL" executed="True" success="True" time="0.003" asserts="2" />
                      <test-case name="MonoTests.System.Data.DataColumnTest2.Expression_Simple" executed="True" success="True" time="0.003" asserts="6" />
                      <test-case name="MonoTests.System.Data.DataColumnTest2.ExtendedProperties" executed="True" success="True" time="0.000" asserts="2" />
                      <test-case name="MonoTests.System.Data.DataColumnTest2.MaxLength" executed="True" success="True" time="0.001" asserts="3" />
                      <test-case name="MonoTests.System.Data.DataColumnTest2.Namespace" executed="True" success="True" time="0.000" asserts="2" />
                      <test-case name="MonoTests.System.Data.DataColumnTest2.ordinal" executed="True" success="True" time="0.000" asserts="2" />
                      <test-case name="MonoTests.System.Data.DataColumnTest2.Prefix" executed="True" success="True" time="0.000" asserts="2" />
                      <test-case name="MonoTests.System.Data.DataColumnTest2.ReadOnly" executed="True" success="True" time="0.000" asserts="2" />
                      <test-case name="MonoTests.System.Data.DataColumnTest2.SetOrdinalTest" executed="True" success="True" time="0.001" asserts="7" />
                      <test-case name="MonoTests.System.Data.DataColumnTest2.Table" executed="True" success="True" time="0.000" asserts="2" />
                      <test-case name="MonoTests.System.Data.DataColumnTest2.TestGetHashCode" executed="True" success="True" time="0.000" asserts="10" />
                      <test-case name="MonoTests.System.Data.DataColumnTest2.TestGetType" executed="True" success="True" time="0.002" asserts="1" />
                      <test-case name="MonoTests.System.Data.DataColumnTest2.TestToString" executed="True" success="True" time="0.000" asserts="2" />
                      <test-case name="MonoTests.System.Data.DataColumnTest2.Unique" executed="True" success="True" time="0.002" asserts="2" />
                      <test-case name="MonoTests.System.Data.DataColumnTest2.Unique_PrimaryKey" executed="True" success="True" time="0.001" asserts="2" />
                    </results>
                  </test-suite>
                  <test-suite name="DataRelationCollectionTest" success="True" time="0.048" asserts="0">
                    <results>
                      <test-case name="MonoTests.System.Data.DataRelationCollectionTest.Add" executed="True" success="True" time="0.005" asserts="5" />
                      <test-case name="MonoTests.System.Data.DataRelationCollectionTest.AddException1" executed="False">
                        <reason>
                          <message><![CDATA[It does not pass under MS.NET]]></message>
                        </reason>
                      </test-case>
                      <test-case name="MonoTests.System.Data.DataRelationCollectionTest.AddException2" executed="True" success="True" time="0.001" asserts="0" />
                      <test-case name="MonoTests.System.Data.DataRelationCollectionTest.AddException3" executed="True" success="True" time="0.001" asserts="0" />
                      <test-case name="MonoTests.System.Data.DataRelationCollectionTest.AddRange" executed="True" success="True" time="0.002" asserts="2" />
                      <test-case name="MonoTests.System.Data.DataRelationCollectionTest.CanRemove" executed="True" success="True" time="0.001" asserts="3" />
                      <test-case name="MonoTests.System.Data.DataRelationCollectionTest.Clear" executed="True" success="True" time="0.000" asserts="1" />
                      <test-case name="MonoTests.System.Data.DataRelationCollectionTest.Contains" executed="True" success="True" time="0.002" asserts="3" />
                      <test-case name="MonoTests.System.Data.DataRelationCollectionTest.CopyTo" executed="True" success="True" time="0.001" asserts="7" />
                      <test-case name="MonoTests.System.Data.DataRelationCollectionTest.Equals" executed="True" success="True" time="0.001" asserts="6" />
                      <test-case name="MonoTests.System.Data.DataRelationCollectionTest.IndexOf" executed="True" success="True" time="0.004" asserts="8" />
                      <test-case name="MonoTests.System.Data.DataRelationCollectionTest.Remove" executed="True" success="True" time="0.003" asserts="3" />
                      <test-case name="MonoTests.System.Data.DataRelationCollectionTest.RemoveAt" executed="True" success="True" time="0.003" asserts="2" />
                    </results>
                  </test-suite>
                  <test-suite name="DataRelationCollectionTest2" success="True" time="0.096" asserts="0">
                    <results>
                      <test-case name="MonoTests.System.Data.DataRelationCollectionTest2.Add_ByDataColumns" executed="True" success="True" time="0.003" asserts="5" />
                      <test-case name="MonoTests.System.Data.DataRelationCollectionTest2.Add_ByNameDataColumns" executed="True" success="True" time="0.003" asserts="8" />
                      <test-case name="MonoTests.System.Data.DataRelationCollectionTest2.Add_ByNameDataColumnsWithConstraint" executed="True" success="True" time="0.001" asserts="8" />
                      <test-case name="MonoTests.System.Data.DataRelationCollectionTest2.Add_ByNameDataColumnsWithOutConstraint" executed="True" success="True" time="0.001" asserts="8" />
                      <test-case name="MonoTests.System.Data.DataRelationCollectionTest2.Add_DataColumn1" executed="True" success="True" time="0.001" asserts="5" />
                      <test-case name="MonoTests.System.Data.DataRelationCollectionTest2.Add_DataColumn2" executed="True" success="True" time="0.001" asserts="3" />
                      <test-case name="MonoTests.System.Data.DataRelationCollectionTest2.Add_DataColumn3" executed="True" success="True" time="0.000" asserts="3" />
                      <test-case name="MonoTests.System.Data.DataRelationCollectionTest2.Add_DataColumn4" executed="True" success="True" time="0.001" asserts="0" />
                      <test-case name="MonoTests.System.Data.DataRelationCollectionTest2.Add_DataColumn5" executed="True" success="True" time="0.000" asserts="0" />
                      <test-case name="MonoTests.System.Data.DataRelationCollectionTest2.AddRange" executed="True" success="True" time="0.003" asserts="3" />
                      <test-case name="MonoTests.System.Data.DataRelationCollectionTest2.CanRemove" executed="True" success="True" time="0.004" asserts="4" />
                      <test-case name="MonoTests.System.Data.DataRelationCollectionTest2.CanRemove_DataRelation" executed="True" success="True" time="0.001" asserts="1" />
                      <test-case name="MonoTests.System.Data.DataRelationCollectionTest2.Clear" executed="True" success="True" time="0.001" asserts="2" />
                      <test-case name="MonoTests.System.Data.DataRelationCollectionTest2.CollectionChanged" executed="True" success="True" time="0.002" asserts="1" />
                      <test-case name="MonoTests.System.Data.DataRelationCollectionTest2.Contains" executed="True" success="True" time="0.002" asserts="3" />
                      <test-case name="MonoTests.System.Data.DataRelationCollectionTest2.CopyTo" executed="True" success="True" time="0.002" asserts="2" />
                      <test-case name="MonoTests.System.Data.DataRelationCollectionTest2.Count" executed="True" success="True" time="0.001" asserts="5" />
                      <test-case name="MonoTests.System.Data.DataRelationCollectionTest2.GetEnumerator" executed="True" success="True" time="0.001" asserts="3" />
                      <test-case name="MonoTests.System.Data.DataRelationCollectionTest2.IndexOf_ByDataRelation" executed="True" success="True" time="0.004" asserts="4" />
                      <test-case name="MonoTests.System.Data.DataRelationCollectionTest2.IndexOf_ByDataRelationName" executed="True" success="True" time="0.006" asserts="4" />
                      <test-case name="MonoTests.System.Data.DataRelationCollectionTest2.Item" executed="True" success="True" time="0.003" asserts="4" />
                      <test-case name="MonoTests.System.Data.DataRelationCollectionTest2.Remove_DataColumn" executed="True" success="True" time="0.007" asserts="5" />
                      <test-case name="MonoTests.System.Data.DataRelationCollectionTest2.Remove_String" executed="True" success="True" time="0.007" asserts="5" />
                    </results>
                  </test-suite>
                  <test-suite name="DataRelationTest" success="True" time="0.349" asserts="0">
                    <results>
                      <test-case name="MonoTests.System.Data.DataRelationTest.ChildRows" executed="True" success="True" time="0.038" asserts="6" />
                      <test-case name="MonoTests.System.Data.DataRelationTest.Constraints" executed="True" success="True" time="0.005" asserts="6" />
                      <test-case name="MonoTests.System.Data.DataRelationTest.Creation" executed="True" success="True" time="0.007" asserts="15" />
                      <test-case name="MonoTests.System.Data.DataRelationTest.Creation2" executed="True" success="True" time="0.007" asserts="19" />
                      <test-case name="MonoTests.System.Data.DataRelationTest.Creation3" executed="True" success="True" time="0.005" asserts="17" />
                      <test-case name="MonoTests.System.Data.DataRelationTest.Creation4" executed="True" success="True" time="0.009" asserts="16" />
                      <test-case name="MonoTests.System.Data.DataRelationTest.DataSetRelations" executed="True" success="True" time="0.002" asserts="14" />
                      <test-case name="MonoTests.System.Data.DataRelationTest.Foreign" executed="True" success="True" time="0.006" asserts="5" />
                      <test-case name="MonoTests.System.Data.DataRelationTest.InvalidConstraintException" executed="True" success="True" time="0.000" asserts="0" />
                      <test-case name="MonoTests.System.Data.DataRelationTest.InvalidConstraintException2" executed="True" success="True" time="0.002" asserts="1" />
                      <test-case name="MonoTests.System.Data.DataRelationTest.RelationFromSchema" executed="True" success="True" time="0.237" asserts="46" />
                    </results>
                  </test-suite>
                  <test-suite name="DataRelationTest2" success="True" time="0.076" asserts="0">
                    <results>
                      <test-case name="MonoTests.System.Data.DataRelationTest2.bug79233" executed="True" success="True" time="0.001" asserts="2" />
                      <test-case name="MonoTests.System.Data.DataRelationTest2.ChildColumns" executed="True" success="True" time="0.001" asserts="2" />
                      <test-case name="MonoTests.System.Data.DataRelationTest2.ChildKeyConstraint" executed="True" success="True" time="0.001" asserts="1" />
                      <test-case name="MonoTests.System.Data.DataRelationTest2.ChildTable" executed="True" success="True" time="0.001" asserts="1" />
                      <test-case name="MonoTests.System.Data.DataRelationTest2.ctor_ByNameDataColumns" executed="True" success="True" time="0.003" asserts="12" />
                      <test-case name="MonoTests.System.Data.DataRelationTest2.ctor_ByNameDataColumnsArrays" executed="True" success="True" time="0.003" asserts="10" />
                      <test-case name="MonoTests.System.Data.DataRelationTest2.ctor_ByNameDataColumnsArraysCreateConstraints" executed="True" success="True" time="0.004" asserts="12" />
                      <test-case name="MonoTests.System.Data.DataRelationTest2.ctor_ByNameDataColumnsCreateConstraints" executed="True" success="True" time="0.003" asserts="12" />
                      <test-case name="MonoTests.System.Data.DataRelationTest2.DataRelationTest" executed="True" success="True" time="0.001" asserts="0" />
                      <test-case name="MonoTests.System.Data.DataRelationTest2.DataSet" executed="True" success="True" time="0.001" asserts="1" />
                      <test-case name="MonoTests.System.Data.DataRelationTest2.extendedProperties" executed="True" success="True" time="0.001" asserts="2" />
                      <test-case name="MonoTests.System.Data.DataRelationTest2.nested" executed="True" success="True" time="0.001" asserts="2" />
                      <test-case name="MonoTests.System.Data.DataRelationTest2.ParentColumns" executed="True" success="True" time="0.001" asserts="2" />
                      <test-case name="MonoTests.System.Data.DataRelationTest2.ParentKeyConstraint" executed="True" success="True" time="0.001" asserts="1" />
                      <test-case name="MonoTests.System.Data.DataRelationTest2.ParentTable" executed="True" success="True" time="0.001" asserts="1" />
                      <test-case name="MonoTests.System.Data.DataRelationTest2.relationName" executed="True" success="True" time="0.001" asserts="3" />
                      <test-case name="MonoTests.System.Data.DataRelationTest2.ToString" executed="True" success="True" time="0.002" asserts="3" />
                    </results>
                  </test-suite>
                  <test-suite name="DataRowCollectionTest" success="True" time="0.107" asserts="0">
                    <results>
                      <test-case name="MonoTests.System.Data.DataRowCollectionTest.Add" executed="True" success="True" time="0.011" asserts="17" />
                      <test-case name="MonoTests.System.Data.DataRowCollectionTest.Add_ByValuesNullTest" executed="True" success="True" time="0.004" asserts="9" />
                      <test-case name="MonoTests.System.Data.DataRowCollectionTest.AutoIncrement" executed="True" success="True" time="0.004" asserts="10" />
                      <test-case name="MonoTests.System.Data.DataRowCollectionTest.Clear" executed="True" success="True" time="0.007" asserts="4" />
                      <test-case name="MonoTests.System.Data.DataRowCollectionTest.Contains" executed="True" success="True" time="0.009" asserts="16" />
                      <test-case name="MonoTests.System.Data.DataRowCollectionTest.CopyTo" executed="True" success="True" time="0.003" asserts="11" />
                      <test-case name="MonoTests.System.Data.DataRowCollectionTest.Equals" executed="True" success="True" time="0.004" asserts="7" />
[...]
                  <test-case name="MonoTests_System.Data.DataTableTest2.Rows" executed="True" success="True" time="0.000" asserts="2" />
                  <test-case name="MonoTests_System.Data.DataTableTest2.Select" executed="True" success="True" time="0.000" asserts="1" />
                  <test-case name="MonoTests_System.Data.DataTableTest2.Select_BoolColumn" executed="True" success="True" time="0.001" asserts="4" />
                  <test-case name="MonoTests_System.Data.DataTableTest2.Select_ByFilter" executed="True" success="True" time="0.020" asserts="11" />
                  <test-case name="MonoTests_System.Data.DataTableTest2.Select_ByFilterDataViewRowState" executed="True" success="True" time="0.001" asserts="4" />
                  <test-case name="MonoTests_System.Data.DataTableTest2.Select_NonBooleanFilter" executed="True" success="True" time="0.001" asserts="4" />
                  <test-case name="MonoTests_System.Data.DataTableTest2.Select_OrderOfRows" executed="True" success="True" time="0.000" asserts="1" />
                  <test-case name="MonoTests_System.Data.DataTableTest2.Select_StringString" executed="True" success="True" time="0.003" asserts="4" />
                  <test-case name="MonoTests_System.Data.DataTableTest2.Select_StringString_3" executed="True" success="True" time="0.001" asserts="4" />
                  <test-case name="MonoTests_System.Data.DataTableTest2.TableName" executed="True" success="True" time="0.000" asserts="2" />
                  <test-case name="MonoTests_System.Data.DataTableTest2.ToString" executed="True" success="True" time="0.000" asserts="1" />
                </results>
              </test-suite>
              <test-suite name="DataViewTest2" success="True" time="0.066" asserts="0">
                <results>
                  <test-case name="MonoTests_System.Data.DataViewTest2.AcceptChanges" executed="True" success="True" time="0.005" asserts="2" />
                  <test-case name="MonoTests_System.Data.DataViewTest2.AddNew" executed="True" success="True" time="0.001" asserts="5" />
                  <test-case name="MonoTests_System.Data.DataViewTest2.AllowDelete" executed="True" success="True" time="0.001" asserts="4" />
                  <test-case name="MonoTests_System.Data.DataViewTest2.AllowEdit" executed="True" success="True" time="0.001" asserts="4" />
                  <test-case name="MonoTests_System.Data.DataViewTest2.AllowNew" executed="True" success="True" time="0.001" asserts="4" />
                  <test-case name="MonoTests_System.Data.DataViewTest2.ApplyDefaultSort" executed="True" success="True" time="0.001" asserts="3" />
                  <test-case name="MonoTests_System.Data.DataViewTest2.ClearTable" executed="True" success="True" time="0.001" asserts="3" />
                  <test-case name="MonoTests_System.Data.DataViewTest2.CopyTo" executed="True" success="True" time="0.001" asserts="3" />
                  <test-case name="MonoTests_System.Data.DataViewTest2.ctor_Complex" executed="True" success="True" time="0.001" asserts="5" />
                  <test-case name="MonoTests_System.Data.DataViewTest2.ctor_DataTable" executed="True" success="True" time="0.000" asserts="2" />
                  <test-case name="MonoTests_System.Data.DataViewTest2.ctor_Empty" executed="True" success="True" time="0.000" asserts="1" />
                  <test-case name="MonoTests_System.Data.DataViewTest2.ctor_ExpectedExceptions" executed="True" success="True" time="0.001" asserts="0" />
                  <test-case name="MonoTests_System.Data.DataViewTest2.DataView_ListChangedEventTest" executed="True" success="True" time="0.001" asserts="12" />
                  <test-case name="MonoTests_System.Data.DataViewTest2.DataViewManager" executed="True" success="True" time="0.000" asserts="3" />
                  <test-case name="MonoTests_System.Data.DataViewTest2.Delete" executed="True" success="True" time="0.000" asserts="3" />
                  <test-case name="MonoTests_System.Data.DataViewTest2.Find_ByArray" executed="True" success="True" time="0.001" asserts="2" />
                  <test-case name="MonoTests_System.Data.DataViewTest2.Find_ByObject" executed="True" success="True" time="0.001" asserts="2" />
                  <test-case name="MonoTests_System.Data.DataViewTest2.FindRows_ByKey" executed="True" success="True" time="0.001" asserts="3" />
                  <test-case name="MonoTests_System.Data.DataViewTest2.FindRows_ByKeys" executed="True" success="True" time="0.001" asserts="3" />
                  <test-case name="MonoTests_System.Data.DataViewTest2.GetEnumerator" executed="True" success="True" time="0.000" asserts="13" />
                  <test-case name="MonoTests_System.Data.DataViewTest2.Item" executed="True" success="True" time="0.001" asserts="3" />
                  <test-case name="MonoTests_System.Data.DataViewTest2.ListChanged" executed="True" success="True" time="0.001" asserts="12" />
                  <test-case name="MonoTests_System.Data.DataViewTest2.RowFilter" executed="True" success="True" time="0.002" asserts="4" />
                  <test-case name="MonoTests_System.Data.DataViewTest2.RowStateFilter" executed="True" success="True" time="0.002" asserts="5" />
                  <test-case name="MonoTests_System.Data.DataViewTest2.Sort" executed="True" success="True" time="0.002" asserts="5" />
                  <test-case name="MonoTests_System.Data.DataViewTest2.Table" executed="True" success="True" time="0.001" asserts="3" />
                  <test-case name="MonoTests_System.Data.DataViewTest2.TestDefaultValues" executed="True" success="True" time="0.001" asserts="7" />
                  <test-case name="MonoTests_System.Data.DataViewTest2.TestEquals_SameTableDiffViewProp" executed="True" success="True" time="0.002" asserts="18" />
                  <test-case name="MonoTests_System.Data.DataViewTest2.TestTableProperty" executed="True" success="True" time="0.000" asserts="3" />
                  <test-case name="MonoTests_System.Data.DataViewTest2.ToTable_SimpleTest" executed="True" success="True" time="0.003" asserts="23" />
                  <test-case name="MonoTests_System.Data.DataViewTest2.ToTableTest_DataValidity" executed="True" success="True" time="0.003" asserts="22" />
                </results>
              </test-suite>
              <test-suite name="DBConcurrencyExceptionTest" success="True" time="0.008" asserts="0">
                <results>
                  <test-case name="MonoTests_System.Data.DBConcurrencyExceptionTest.Constructor1" executed="True" success="True" time="0.001" asserts="5" />
                  <test-case name="MonoTests_System.Data.DBConcurrencyExceptionTest.Constructor2" executed="True" success="True" time="0.001" asserts="13" />
                  <test-case name="MonoTests_System.Data.DBConcurrencyExceptionTest.Constructor3" executed="True" success="True" time="0.001" asserts="20" />
                  <test-case name="MonoTests_System.Data.DBConcurrencyExceptionTest.Constructor4" executed="True" success="True" time="0.001" asserts="24" />
                  <test-case name="MonoTests_System.Data.DBConcurrencyExceptionTest.Row" executed="True" success="True" time="0.000" asserts="6" />
                </results>
              </test-suite>
              <test-suite name="DeletedRowInaccessibleExceptionTest" success="True" time="0.001" asserts="0">
                <results>
                  <test-case name="MonoTests_System.Data.DeletedRowInaccessibleExceptionTest.Generate" executed="True" success="True" time="0.001" asserts="0" />
                </results>
              </test-suite>
              <test-suite name="DuplicateNameExceptionTest" success="True" time="0.002" asserts="0">
                <results>
                  <test-case name="MonoTests_System.Data.DuplicateNameExceptionTest.Generate" executed="True" success="True" time="0.001" asserts="0" />
                </results>
              </test-suite>
              <test-suite name="EvaluateExceptionTest" success="True" time="0.001" asserts="0">
                <results>
                  <test-case name="MonoTests_System.Data.EvaluateExceptionTest.Generate" executed="True" success="True" time="0.001" asserts="0" />
                </results>
              </test-suite>
              <test-suite name="ForeignKeyConstraintTest2" success="True" time="0.041" asserts="0">
                <results>
                  <test-case name="MonoTests_System.Data.ForeignKeyConstraintTest2.acceptRejectRule" executed="True" success="True" time="0.001" asserts="2" />
                  <test-case name="MonoTests_System.Data.ForeignKeyConstraintTest2.Columns" executed="True" success="True" time="0.000" asserts="2" />
                  <test-case name="MonoTests_System.Data.ForeignKeyConstraintTest2.constraintName" executed="True" success="True" time="0.000" asserts="2" />
                  <test-case name="MonoTests_System.Data.ForeignKeyConstraintTest2.ctor_DclmDclm" executed="True" success="True" time="0.001" asserts="15" />
                  <test-case name="MonoTests_System.Data.ForeignKeyConstraintTest2.ctor_DclmDclm1" executed="True" success="True" time="0.000" asserts="0" />
                  <test-case name="MonoTests_System.Data.ForeignKeyConstraintTest2.ctor_DclmDclm2" executed="True" success="True" time="0.001" asserts="0" />
                  <test-case name="MonoTests_System.Data.ForeignKeyConstraintTest2.ctor_DclmDclm3" executed="True" success="True" time="0.001" asserts="0" />
                  <test-case name="MonoTests_System.Data.ForeignKeyConstraintTest2.ctor_NameParentColChildCol" executed="True" success="True" time="0.001" asserts="2" />
                  <test-case name="MonoTests_System.Data.ForeignKeyConstraintTest2.ctor_NameParentColsChildCols" executed="True" success="True" time="0.001" asserts="2" />
                  <test-case name="MonoTests_System.Data.ForeignKeyConstraintTest2.ctor_ParentColChildCol" executed="True" success="True" time="0.002" asserts="18" />
                  <test-case name="MonoTests_System.Data.ForeignKeyConstraintTest2.deleteRule" executed="True" success="True" time="0.003" asserts="10" />
                  <test-case name="MonoTests_System.Data.ForeignKeyConstraintTest2.Equals" executed="True" success="True" time="0.001" asserts="2" />
                  <test-case name="MonoTests_System.Data.ForeignKeyConstraintTest2.extendedProperties" executed="True" success="True" time="0.001" asserts="2" />
                  <test-case name="MonoTests_System.Data.ForeignKeyConstraintTest2.ForeignConstraint_DateTimeModeTest" executed="True" success="True" time="0.001" asserts="0" />
                  <test-case name="MonoTests_System.Data.ForeignKeyConstraintTest2.ParentChildSameColumn" executed="True" success="True" time="0.001" asserts="0" />
                  <test-case name="MonoTests_System.Data.ForeignKeyConstraintTest2.RelatedColumns" executed="True" success="True" time="0.001" asserts="1" />
                  <test-case name="MonoTests_System.Data.ForeignKeyConstraintTest2.RelatedTable" executed="True" success="True" time="0.000" asserts="1" />
                  <test-case name="MonoTests_System.Data.ForeignKeyConstraintTest2.Table" executed="True" success="True" time="0.001" asserts="1" />
                  <test-case name="MonoTests_System.Data.ForeignKeyConstraintTest2.ToString" executed="True" success="True" time="0.000" asserts="2" />
                  <test-case name="MonoTests_System.Data.ForeignKeyConstraintTest2.UpdateRule1" executed="True" success="True" time="0.001" asserts="1" />
                  <test-case name="MonoTests_System.Data.ForeignKeyConstraintTest2.UpdateRule2" executed="True" success="True" time="0.001" asserts="0" />
                  <test-case name="MonoTests_System.Data.ForeignKeyConstraintTest2.UpdateRule3" executed="True" success="True" time="0.001" asserts="1" />
                  <test-case name="MonoTests_System.Data.ForeignKeyConstraintTest2.UpdateRule4" executed="True" success="True" time="0.001" asserts="1" />
                </results>
              </test-suite>
              <test-suite name="InRowChangingEventExceptionTest" success="True" time="0.001" asserts="0">
                <results>
                  <test-case name="MonoTests_System.Data.InRowChangingEventExceptionTest.Generate" executed="True" success="True" time="0.001" asserts="1" />
                </results>
              </test-suite>
              <test-suite name="InvalidConstraintExceptionTest" success="True" time="0.001" asserts="0">
                <results>
                  <test-case name="MonoTests_System.Data.InvalidConstraintExceptionTest.Generate" executed="True" success="True" time="0.001" asserts="0" />
                </results>
              </test-suite>
              <test-suite name="MissingPrimaryKeyExceptionTest" success="True" time="0.002" asserts="0">
                <results>
                  <test-case name="MonoTests_System.Data.MissingPrimaryKeyExceptionTest.Generate1" executed="False">
                    <reason>
                      <message><![CDATA[Fixture class is not public]]></message>
                    </reason>
                  </test-case>
                  <test-case name="MonoTests_System.Data.MissingPrimaryKeyExceptionTest.Generate2" executed="False">
                    <reason>
                      <message><![CDATA[Fixture class is not public]]></message>
                    </reason>
                  </test-case>
                </results>
              </test-suite>
              <test-suite name="NoNullAllowedExceptionTest" success="True" time="0.003" asserts="0">
                <results>
                  <test-case name="MonoTests_System.Data.NoNullAllowedExceptionTest.Generate" executed="True" success="True" time="0.003" asserts="0" />
                </results>
              </test-suite>
              <test-suite name="ReadOnlyExceptionTest" success="True" time="0.001" asserts="0">
                <results>
                  <test-case name="MonoTests_System.Data.ReadOnlyExceptionTest.Generate" executed="True" success="True" time="0.001" asserts="0" />
                </results>
              </test-suite>
              <test-suite name="RowNotInTableExceptionTest" success="True" time="0.002" asserts="0">
                <results>
                  <test-case name="MonoTests_System.Data.RowNotInTableExceptionTest.Generate" executed="True" success="True" time="0.001" asserts="0" />
                </results>
              </test-suite>
              <test-suite name="SyntaxErrorExceptionTest" success="True" time="0.001" asserts="0">
                <results>
                  <test-case name="MonoTests_System.Data.SyntaxErrorExceptionTest.Generate" executed="True" success="True" time="0.001" asserts="0" />
                </results>
              </test-suite>
              <test-suite name="UniqueConstraintTest2" success="True" time="0.023" asserts="0">
                <results>
                  <test-case name="MonoTests_System.Data.UniqueConstraintTest2.Columns" executed="True" success="True" time="0.000" asserts="2" />
                  <test-case name="MonoTests_System.Data.UniqueConstraintTest2.constraintName" executed="True" success="True" time="0.000" asserts="2" />
                  <test-case name="MonoTests_System.Data.UniqueConstraintTest2.ctor_DataColumn" executed="True" success="True" time="0.001" asserts="5" />
                  <test-case name="MonoTests_System.Data.UniqueConstraintTest2.ctor_DataColumnNoPrimary" executed="True" success="True" time="0.000" asserts="3" />
                  <test-case name="MonoTests_System.Data.UniqueConstraintTest2.ctor_DataColumnPrimary" executed="True" success="True" time="0.000" asserts="3" />
                  <test-case name="MonoTests_System.Data.UniqueConstraintTest2.ctor_DataColumns" executed="True" success="True" time="0.001" asserts="2" />
                  <test-case name="MonoTests_System.Data.UniqueConstraintTest2.ctor_NameDataColumn" executed="True" success="True" time="0.000" asserts="2" />
                  <test-case name="MonoTests_System.Data.UniqueConstraintTest2.ctor_NameDataColumnPrimary" executed="True" success="True" time="0.001" asserts="5" />
                  <test-case name="MonoTests_System.Data.UniqueConstraintTest2.ctor_NameDataColumns" executed="True" success="True" time="0.000" asserts="2" />
                  <test-case name="MonoTests_System.Data.UniqueConstraintTest2.ctor_NameDataColumnsPrimary" executed="True" success="True" time="0.001" asserts="5" />
                  <test-case name="MonoTests_System.Data.UniqueConstraintTest2.Equals_O" executed="True" success="True" time="0.000" asserts="2" />
                  <test-case name="MonoTests_System.Data.UniqueConstraintTest2.extendedProperties" executed="True" success="True" time="0.000" asserts="2" />
                  <test-case name="MonoTests_System.Data.UniqueConstraintTest2.IsPrimaryKey" executed="True" success="True" time="0.001" asserts="2" />
                  <test-case name="MonoTests_System.Data.UniqueConstraintTest2.Table" executed="True" success="True" time="0.000" asserts="1" />
                  <test-case name="MonoTests_System.Data.UniqueConstraintTest2.ToString" executed="True" success="True" time="0.000" asserts="2" />
                </results>
              </test-suite>
              <test-suite name="VersionNotFoundExceptionTest" success="True" time="0.003" asserts="0">
                <results>
                  <test-case name="MonoTests_System.Data.VersionNotFoundExceptionTest.Generate1" executed="False">
                    <reason>
                      <message><![CDATA[Fixture class is not public]]></message>
                    </reason>
                  </test-case>
                  <test-case name="MonoTests_System.Data.VersionNotFoundExceptionTest.Generate2" executed="False">
                    <reason>
                      <message><![CDATA[Fixture class is not public]]></message>
                    </reason>
                  </test-case>
                  <test-case name="MonoTests_System.Data.VersionNotFoundExceptionTest.Generate3" executed="False">
                    <reason>
                      <message><![CDATA[Fixture class is not public]]></message>
                    </reason>
                  </test-case>
                </results>
              </test-suite>
            </results>
          </test-suite>
        </results>
      </test-suite>
      <test-suite name="Test" success="True" time="0.094" asserts="0">
        <results>
          <test-suite name="System" success="True" time="0.093" asserts="0">
            <results>
              <test-suite name="Data" success="True" time="0.092" asserts="0">
                <results>
                  <test-suite name="Common" success="True" time="0.091" asserts="0">
                    <results>
                      <test-suite name="DbDataReaderTest" success="True" time="0.090" asserts="0">
                        <results>
                          <test-case name="Test.System.Data.Common.DbDataReaderTest.GetFieldValueTest" executed="True" success="True" time="0.002" asserts="11" />
                          <test-case name="Test.System.Data.Common.DbDataReaderTest.GetStreamTest" executed="True" success="True" time="0.017" asserts="12" />
                          <test-case name="Test.System.Data.Common.DbDataReaderTest.GetTextReader" executed="True" success="True" time="0.002" asserts="8" />
                        </results>
                      </test-suite>
                    </results>
                  </test-suite>
                </results>
              </test-suite>
            </results>
          </test-suite>
        </results>
      </test-suite>
    </results>
  </test-suite>
</test-results>