<?xml version="1.0" encoding="utf-8" standalone="no"?>
<!--This file represents the results of running a test suite-->
<test-results name="System.Xml_test_net_4_5.dll" total="1839" failures="0" not-run="15" date="2014-06-29" time="12:35:33">
  <environment nunit-version="2.4.8.0" clr-version="4.0.30319.17020" os-version="Unix 3.15.0.8" platform="Unix" cwd="/store/dash/mono-tizen/mono-sources/mcs/class/System.XML" machine-name="mini" user="dash" user-domain="mini" />
  <culture-info current-culture="" current-uiculture="" />
  <test-suite name="System.Xml_test_net_4_5.dll" success="True" time="10.067" asserts="0">
    <results>
      <test-suite name="MonoCasTests" success="True" time="0.061" asserts="0">
        <results>
          <test-suite name="System" success="True" time="0.059" asserts="0">
            <results>
              <test-suite name="Xml" success="True" time="0.058" asserts="0">
                <results>
                  <test-suite name="Xsl" success="True" time="0.056" asserts="0">
                    <results>
                      <test-suite name="XsltCompileExceptionTests" success="True" time="0.036" asserts="0">
                        <results>
                          <test-case name="MonoCasTests.System.Xml.Xsl.XsltCompileExceptionTests.Constructor0" executed="True" success="True" time="0.012" asserts="9" />
                          <test-case name="MonoCasTests.System.Xml.Xsl.XsltCompileExceptionTests.Constructor1" executed="True" success="True" time="0.001" asserts="9" />
                          <test-case name="MonoCasTests.System.Xml.Xsl.XsltCompileExceptionTests.Constructor2" executed="True" success="True" time="0.001" asserts="9" />
                          <test-case name="MonoCasTests.System.Xml.Xsl.XsltCompileExceptionTests.Constructor3" executed="True" success="True" time="0.006" asserts="90" />
                        </results>
                      </test-suite>
                      <test-suite name="XsltExceptionTests" success="True" time="0.005" asserts="0">
                        <results>
                          <test-case name="MonoCasTests.System.Xml.Xsl.XsltExceptionTests.Constructor0" executed="True" success="True" time="0.000" asserts="8" />
                          <test-case name="MonoCasTests.System.Xml.Xsl.XsltExceptionTests.Constructor1" executed="True" success="True" time="0.000" asserts="8" />
                          <test-case name="MonoCasTests.System.Xml.Xsl.XsltExceptionTests.Constructor2" executed="True" success="True" time="0.001" asserts="33" />
                        </results>
                      </test-suite>
                    </results>
                  </test-suite>
                </results>
              </test-suite>
            </results>
          </test-suite>
        </results>
      </test-suite>
      <test-suite name="MonoTest" success="True" time="0.014" asserts="0">
        <results>
          <test-suite name="System" success="True" time="0.012" asserts="0">
            <results>
              <test-suite name="Xml" success="True" time="0.011" asserts="0">
                <results>
                  <test-suite name="XmlResolverTest" success="True" time="0.010" asserts="0">
                    <results>
                      <test-case name="MonoTest.System.Xml.XmlResolverTest.ResolveUri" executed="True" success="True" time="0.007" asserts="11" />
                      <test-case name="MonoTest.System.Xml.XmlResolverTest.ResolveUri_" executed="True" success="True" time="0.001" asserts="0" />
                      <test-case name="MonoTest.System.Xml.XmlResolverTest.TestAsync" executed="True" success="True" time="0.000" asserts="0">
                        <categories>
                          <category name="Async" />
                        </categories>
                      </test-case>
                    </results>
                  </test-suite>
                </results>
              </test-suite>
            </results>
          </test-suite>
        </results>
      </test-suite>
      <test-suite name="MonoTests" success="True" time="9.061" asserts="0">
        <results>
          <test-suite name="System" success="True" time="9.058" asserts="0">
            <results>
              <test-suite name="Xml" success="True" time="4.413" asserts="0">
                <results>
                  <test-suite name="NameTableTests" success="True" time="0.014" asserts="0">
                    <results>
                      <test-case name="MonoTests.System.Xml.NameTableTests.Add1" executed="True" success="True" time="0.000" asserts="4" />
                      <test-case name="MonoTests.System.Xml.NameTableTests.Add1_Null" executed="True" success="True" time="0.000" asserts="0" />
                      <test-case name="MonoTests.System.Xml.NameTableTests.Add2" executed="True" success="True" time="0.000" asserts="5" />
                      <test-case name="MonoTests.System.Xml.NameTableTests.Add2_InvalidIndex" executed="True" success="True" time="0.000" asserts="0" />
                      <test-case name="MonoTests.System.Xml.NameTableTests.Add2_InvalidLength" executed="True" success="True" time="0.000" asserts="0" />
                      <test-case name="MonoTests.System.Xml.NameTableTests.Add2_Null" executed="True" success="True" time="0.000" asserts="0" />
                      <test-case name="MonoTests.System.Xml.NameTableTests.Get1" executed="True" success="True" time="0.001" asserts="5" />
                      <test-case name="MonoTests.System.Xml.NameTableTests.Get1_Null" executed="True" success="True" time="0.000" asserts="0" />
                      <test-case name="MonoTests.System.Xml.NameTableTests.Get2" executed="True" success="True" time="0.001" asserts="3" />
                      <test-case name="MonoTests.System.Xml.NameTableTests.Get2_InvalidIndex" executed="True" success="True" time="0.000" asserts="0" />
                      <test-case name="MonoTests.System.Xml.NameTableTests.Get2_InvalidLength" executed="True" success="True" time="0.000" asserts="0" />
                      <test-case name="MonoTests.System.Xml.NameTableTests.Get2_Null" executed="True" success="True" time="0.000" asserts="0" />
                      <test-case name="MonoTests.System.Xml.NameTableTests.Get3" executed="True" success="True" time="0.000" asserts="6" />
                    </results>
                  </test-suite>
                  <test-suite name="Serialization" success="True" time="0.330" asserts="0">
                    <results>
                      <test-suite name="Advanced" success="True" time="0.018" asserts="0">
                        <results>
                          <test-suite name="SchemaImporterExtensionCollectionTests" success="True" time="0.011" asserts="0">
                            <results>
                              <test-case name="MonoTests.System.Xml.Serialization.Advanced.SchemaImporterExtensionCollectionTests.Add" executed="True" success="True" time="0.002" asserts="2" />
                              <test-case name="MonoTests.System.Xml.Serialization.Advanced.SchemaImporterExtensionCollectionTests.AddNameNull" executed="True" success="True" time="0.000" asserts="0" />
                              <test-case name="MonoTests.System.Xml.Serialization.Advanced.SchemaImporterExtensionCollectionTests.AddTypeAbstract" executed="True" success="True" time="0.000" asserts="0" />
                              <test-case name="MonoTests.System.Xml.Serialization.Advanced.SchemaImporterExtensionCollectionTests.AddTypeAbstract2" executed="True" success="True" time="0.001" asserts="0" />
                              <test-case name="MonoTests.System.Xml.Serialization.Advanced.SchemaImporterExtensionCollectionTests.AddTypeNonExtension" executed="True" success="True" time="0.000" asserts="0" />
                              <test-case name="MonoTests.System.Xml.Serialization.Advanced.SchemaImporterExtensionCollectionTests.AddTypeNull" executed="True" success="True" time="0.000" asserts="0">
                                <categories>
                                  <category name="NotDotNet" />
                                </categories>
                              </test-case>
                              <test-case name="MonoTests.System.Xml.Serialization.Advanced.SchemaImporterExtensionCollectionTests.DuplicateNames" executed="True" success="True" time="0.000" asserts="0" />
                              <test-case name="MonoTests.System.Xml.Serialization.Advanced.SchemaImporterExtensionCollectionTests.RemoveNonExistent" executed="True" success="True" time="0.000" asserts="0" />
                            </results>
                          </test-suite>
                          <test-suite name="SchemaImporterExtensionTests" success="True" time="0.005" asserts="0">
                            <results>
                              <test-case name="MonoTests.System.Xml.Serialization.Advanced.SchemaImporterExtensionTests.ImportAnyElement" executed="True" success="True" time="0.000" asserts="1" />
                              <test-case name="MonoTests.System.Xml.Serialization.Advanced.SchemaImporterExtensionTests.ImportDefaultValue" executed="True" success="True" time="0.000" asserts="2" />
                              <test-case name="MonoTests.System.Xml.Serialization.Advanced.SchemaImporterExtensionTests.ImportSchemaType" executed="True" success="True" time="0.000" asserts="2" />
                            </results>
                          </test-suite>
                        </results>
                      </test-suite>
                      <test-suite name="XmlSchemaImporterTests" success="True" time="0.308" asserts="0">
                        <results>
                          <test-case name="MonoTests.System.Xml.Serialization.XmlSchemaImporterTests.AnyTypeTopLevelElementImportsAllComplexTypes" executed="True" success="True" time="0.126" asserts="2" />
                          <test-case name="MonoTests.System.Xml.Serialization.XmlSchemaImporterTests.DefaultTypeTopLevelElementImportsAllComplexTypes" executed="True" success="True" time="0.001" asserts="2" />
                          <test-case name="MonoTests.System.Xml.Serialization.XmlSchemaImporterTests.ImportComplexDerivationByExtension" executed="True" success="True" time="0.022" asserts="0" />
                          <test-case name="MonoTests.System.Xml.Serialization.XmlSchemaImporterTests.ImportMembersMapping_NullableField" executed="True" success="True" time="0.008" asserts="13" />
                          <test-case name="MonoTests.System.Xml.Serialization.XmlSchemaImporterTests.ImportSimpleSchemaType" executed="True" success="True" time="0.013" asserts="2" />
                          <test-case name="MonoTests.System.Xml.Serialization.XmlSchemaImporterTests.ImportTypeMapping_EnumSimpleContent" executed="True" success="True" time="0.011" asserts="22" />
                          <test-case name="MonoTests.System.Xml.Serialization.XmlSchemaImporterTests.ImportTypeMapping_NullableField" executed="True" success="True" time="0.001" asserts="2" />
                          <test-case name="MonoTests.System.Xml.Serialization.XmlSchemaImporterTests.ImportTypeMapping_XsdPrimitive_AnyURI" executed="True" success="True" time="0.007" asserts="8" />
                          <test-case name="MonoTests.System.Xml.Serialization.XmlSchemaImporterTests.ImportTypeMapping_XsdPrimitive_Base64Binary" executed="True" success="True" time="0.006" asserts="6" />
                          <test-case name="MonoTests.System.Xml.Serialization.XmlSchemaImporterTests.ImportTypeMapping_XsdPrimitive_Boolean" executed="True" success="True" time="0.001" asserts="6" />
                          <test-case name="MonoTests.System.Xml.Serialization.XmlSchemaImporterTests.ImportTypeMapping_XsdPrimitive_Byte" executed="True" success="True" time="0.001" asserts="6" />
                          <test-case name="MonoTests.System.Xml.Serialization.XmlSchemaImporterTests.ImportTypeMapping_XsdPrimitive_Date" executed="True" success="True" time="0.001" asserts="8" />
                          <test-case name="MonoTests.System.Xml.Serialization.XmlSchemaImporterTests.ImportTypeMapping_XsdPrimitive_DateTime" executed="True" success="True" time="0.001" asserts="6" />
                          <test-case name="MonoTests.System.Xml.Serialization.XmlSchemaImporterTests.ImportTypeMapping_XsdPrimitive_Decimal" executed="True" success="True" time="0.001" asserts="6" />
                          <test-case name="MonoTests.System.Xml.Serialization.XmlSchemaImporterTests.ImportTypeMapping_XsdPrimitive_Double" executed="True" success="True" time="0.001" asserts="6" />
                          <test-case name="MonoTests.System.Xml.Serialization.XmlSchemaImporterTests.ImportTypeMapping_XsdPrimitive_ENTITIES" executed="True" success="True" time="0.001" asserts="8" />
                          <test-case name="MonoTests.System.Xml.Serialization.XmlSchemaImporterTests.ImportTypeMapping_XsdPrimitive_ENTITY" executed="True" success="True" time="0.001" asserts="8" />
                          <test-case name="MonoTests.System.Xml.Serialization.XmlSchemaImporterTests.ImportTypeMapping_XsdPrimitive_Float" executed="True" success="True" time="0.001" asserts="6" />
                          <test-case name="MonoTests.System.Xml.Serialization.XmlSchemaImporterTests.ImportTypeMapping_XsdPrimitive_GDay" executed="True" success="True" time="0.001" asserts="8" />
                          <test-case name="MonoTests.System.Xml.Serialization.XmlSchemaImporterTests.ImportTypeMapping_XsdPrimitive_GMonthDay" executed="True" success="True" time="0.001" asserts="8" />
                          <test-case name="MonoTests.System.Xml.Serialization.XmlSchemaImporterTests.ImportTypeMapping_XsdPrimitive_GYear" executed="True" success="True" time="0.001" asserts="8" />
                          <test-case name="MonoTests.System.Xml.Serialization.XmlSchemaImporterTests.ImportTypeMapping_XsdPrimitive_GYearMonth" executed="True" success="True" time="0.001" asserts="8" />
                          <test-case name="MonoTests.System.Xml.Serialization.XmlSchemaImporterTests.ImportTypeMapping_XsdPrimitive_HexBinary" executed="True" success="True" time="0.001" asserts="8" />
                          <test-case name="MonoTests.System.Xml.Serialization.XmlSchemaImporterTests.ImportTypeMapping_XsdPrimitive_IDREFS" executed="True" success="True" time="0.001" asserts="8" />
                          <test-case name="MonoTests.System.Xml.Serialization.XmlSchemaImporterTests.ImportTypeMapping_XsdPrimitive_Int" executed="True" success="True" time="0.001" asserts="6" />
                          <test-case name="MonoTests.System.Xml.Serialization.XmlSchemaImporterTests.ImportTypeMapping_XsdPrimitive_Integer" executed="True" success="True" time="0.001" asserts="8" />
                          <test-case name="MonoTests.System.Xml.Serialization.XmlSchemaImporterTests.ImportTypeMapping_XsdPrimitive_Long" executed="True" success="True" time="0.001" asserts="6" />
                          <test-case name="MonoTests.System.Xml.Serialization.XmlSchemaImporterTests.ImportTypeMapping_XsdPrimitive_QName" executed="True" success="True" time="0.001" asserts="6" />
                          <test-case name="MonoTests.System.Xml.Serialization.XmlSchemaImporterTests.ImportTypeMapping_XsdPrimitive_Short" executed="True" success="True" time="0.001" asserts="6" />
                          <test-case name="MonoTests.System.Xml.Serialization.XmlSchemaImporterTests.ImportTypeMapping_XsdPrimitive_String" executed="True" success="True" time="0.001" asserts="6" />
                          <test-case name="MonoTests.System.Xml.Serialization.XmlSchemaImporterTests.ImportTypeMapping_XsdPrimitive_Time" executed="True" success="True" time="0.001" asserts="8" />
                          <test-case name="MonoTests.System.Xml.Serialization.XmlSchemaImporterTests.ImportTypeMapping_XsdPrimitive_UnsignedByte" executed="True" success="True" time="0.001" asserts="6" />
                          <test-case name="MonoTests.System.Xml.Serialization.XmlSchemaImporterTests.ImportTypeMapping_XsdPrimitive_UnsignedInt" executed="True" success="True" time="0.001" asserts="6" />
                          <test-case name="MonoTests.System.Xml.Serialization.XmlSchemaImporterTests.ImportTypeMapping_XsdPrimitive_UnsignedLong" executed="True" success="True" time="0.001" asserts="6" />
                          <test-case name="MonoTests.System.Xml.Serialization.XmlSchemaImporterTests.ImportTypeMapping_XsdPrimitive_UnsignedShort" executed="True" success="True" time="0.002" asserts="6" />
                          <test-case name="MonoTests.System.Xml.Serialization.XmlSchemaImporterTests.ImportTypeMappingNonExistent" executed="True" success="True" time="0.001" asserts="0" />
                          <test-case name="MonoTests.System.Xml.Serialization.XmlSchemaImporterTests.ImportWildcardElementAsClass" executed="True" success="True" time="0.067" asserts="1" />
                        </results>
                      </test-suite>
                    </results>
                  </test-suite>
                  <test-suite name="XmlAttributeCollectionTests" success="True" time="0.085" asserts="0">
                    <results>
                      <test-case name="MonoTests.System.Xml.XmlAttributeCollectionTests.AddIdenticalAttrToTheSameNode" executed="True" success="True" time="0.026" asserts="0" />
                      <test-case name="MonoTests.System.Xml.XmlAttributeCollectionTests.AddIdentityDuplicate" executed="True" success="True" time="0.022" asserts="2" />
                      <test-case name="MonoTests.System.Xml.XmlAttributeCollectionTests.Append" executed="True" success="True" time="0.001" asserts="2" />
                      <test-case name="MonoTests.System.Xml.XmlAttributeCollectionTests.CopyTo" executed="True" success="True" time="0.001" asserts="6" />
                      <test-case name="MonoTests.System.Xml.XmlAttributeCollectionTests.InsertAfterError" executed="True" success="True" time="0.001" asserts="0" />
                      <test-case name="MonoTests.System.Xml.XmlAttributeCollectionTests.InsertAfterReplacesInCorrectOrder" executed="True" success="True" time="0.002" asserts="3" />
                      <test-case name="MonoTests.System.Xml.XmlAttributeCollectionTests.InsertBeforeAfterPrepend" executed="True" success="True" time="0.001" asserts="9" />
                      <test-case name="MonoTests.System.Xml.XmlAttributeCollectionTests.Remove" executed="True" success="True" time="0.001" asserts="4" />
                      <test-case name="MonoTests.System.Xml.XmlAttributeCollectionTests.RemoveAll" executed="True" success="True" time="0.019" asserts="1" />
                      <test-case name="MonoTests.System.Xml.XmlAttributeCollectionTests.RemoveDefaultAttribute" executed="True" success="True" time="0.003" asserts="3">
                        <categories>
                          <category name="NotDotNet" />
                        </categories>
                      </test-case>
                      <test-case name="MonoTests.System.Xml.XmlAttributeCollectionTests.SetNamedItem" executed="True" success="True" time="0.000" asserts="4" />
                    </results>
                  </test-suite>
                  <test-suite name="XmlAttributeTests" success="True" time="0.057" asserts="0">
                    <results>
                      <test-case name="MonoTests.System.Xml.XmlAttributeTests.AttributeInnerAndOuterXml" executed="True" success="True" time="0.001" asserts="2" />
                      <test-case name="MonoTests.System.Xml.XmlAttributeTests.Attributes" executed="True" success="True" time="0.000" asserts="1" />
                      <test-case name="MonoTests.System.Xml.XmlAttributeTests.AttributeWithNoValue" executed="True" success="True" time="0.000" asserts="5" />
                      <test-case name="MonoTests.System.Xml.XmlAttributeTests.AttributeWithValue" executed="True" success="True" time="0.001" asserts="7" />
                      <test-case name="MonoTests.System.Xml.XmlAttributeTests.CheckPrefixWithNamespace" executed="True" success="True" time="0.001" asserts="5" />
                      <test-case name="MonoTests.System.Xml.XmlAttributeTests.CrazyPrefix" executed="True" success="True" time="0.001" asserts="1" />
                      <test-case name="MonoTests.System.Xml.XmlAttributeTests.DefaultAttributeRemoval" executed="True" success="True" time="0.001" asserts="5" />
                      <test-case name="MonoTests.System.Xml.XmlAttributeTests.EmptyStringHasTextNode" executed="True" success="True" time="0.000" asserts="4" />
                      <test-case name="MonoTests.System.Xml.XmlAttributeTests.HasChildNodes" executed="True" success="True" time="0.000" asserts="2" />
                      <test-case name="MonoTests.System.Xml.XmlAttributeTests.IdentityConstraints" executed="True" success="True" time="0.010" asserts="9" />
                      <test-case name="MonoTests.System.Xml.XmlAttributeTests.Name" executed="True" success="True" time="0.000" asserts="1" />
                      <test-case name="MonoTests.System.Xml.XmlAttributeTests.NamespaceAttributes" executed="True" success="True" time="0.001" asserts="8" />
                      <test-case name="MonoTests.System.Xml.XmlAttributeTests.NodeType" executed="True" success="True" time="0.000" asserts="1" />
                      <test-case name="MonoTests.System.Xml.XmlAttributeTests.NonEmptyPrefixWithEmptyNS" executed="True" success="True" time="0.002" asserts="0" />
                      <test-case name="MonoTests.System.Xml.XmlAttributeTests.NullPrefix" executed="True" success="True" time="0.000" asserts="0" />
                      <test-case name="MonoTests.System.Xml.XmlAttributeTests.OwnerDocument" executed="True" success="True" time="0.000" asserts="1" />
                      <test-case name="MonoTests.System.Xml.XmlAttributeTests.ParentNode" executed="True" success="True" time="0.000" asserts="1" />
                      <test-case name="MonoTests.System.Xml.XmlAttributeTests.SetInnerTextAndXml" executed="True" success="True" time="0.007" asserts="12">
                        <categories>
                          <category name="NotDotNet" />
                        </categories>
                      </test-case>
                      <test-case name="MonoTests.System.Xml.XmlAttributeTests.SetValueAndEntityRefChild" executed="True" success="True" time="0.007" asserts="0" />
                      <test-case name="MonoTests.System.Xml.XmlAttributeTests.UpdateIDAttrValueAfterAppend" executed="True" success="True" time="0.006" asserts="4" />
                      <test-case name="MonoTests.System.Xml.XmlAttributeTests.Value" executed="True" success="True" time="0.000" asserts="2" />
                      <test-case name="MonoTests.System.Xml.XmlAttributeTests.WriteTo" executed="True" success="True" time="0.001" asserts="1" />
                    </results>
                  </test-suite>
                  <test-suite name="XmlCDataSectionTests" success="True" time="0.008" asserts="0">
                    <results>
                      <test-case name="MonoTests.System.Xml.XmlCDataSectionTests.XmlCDataSectionCloneNode" executed="True" success="True" time="0.002" asserts="7" />
                      <test-case name="MonoTests.System.Xml.XmlCDataSectionTests.XmlCDataSectionInnerAndOuterXml" executed="True" success="True" time="0.000" asserts="2" />
                      <test-case name="MonoTests.System.Xml.XmlCDataSectionTests.XmlCDataSectionIsReadOnly" executed="True" success="True" time="0.000" asserts="1" />
                      <test-case name="MonoTests.System.Xml.XmlCDataSectionTests.XmlCDataSectionLocalName" executed="True" success="True" time="0.001" asserts="1" />
                      <test-case name="MonoTests.System.Xml.XmlCDataSectionTests.XmlCDataSectionName" executed="True" success="True" time="0.000" asserts="1" />
                      <test-case name="MonoTests.System.Xml.XmlCDataSectionTests.XmlCDataSectionNodeType" executed="True" success="True" time="0.000" asserts="1" />
                    </results>
                  </test-suite>
                  <test-suite name="XmlCharacterDataTests" success="True" time="0.010" asserts="0">
                    <results>
                      <test-case name="MonoTests.System.Xml.XmlCharacterDataTests.AppendData" executed="True" success="True" time="0.001" asserts="4" />
                      <test-case name="MonoTests.System.Xml.XmlCharacterDataTests.DeleteData" executed="True" success="True" time="0.001" asserts="5" />
                      <test-case name="MonoTests.System.Xml.XmlCharacterDataTests.InsertData" executed="True" success="True" time="0.001" asserts="4">
                        <categories>
                          <category name="NotDotNet" />
                        </categories>
                      </test-case>
                      <test-case name="MonoTests.System.Xml.XmlCharacterDataTests.ReplaceData" executed="True" success="True" time="0.001" asserts="7">
                        <categories>
                          <category name="NotDotNet" />
                        </categories>
                      </test-case>
                      <test-case name="MonoTests.System.Xml.XmlCharacterDataTests.Substring" executed="True" success="True" time="0.000" asserts="1" />
                      <test-case name="MonoTests.System.Xml.XmlCharacterDataTests.SubstringCountOutOfRange" executed="True" success="True" time="0.000" asserts="0" />
                      <test-case name="MonoTests.System.Xml.XmlCharacterDataTests.SubstringStartOutOfRange" executed="True" success="True" time="0.000" asserts="0" />
                    </results>
                  </test-suite>
                  <test-suite name="XmlCommentTests" success="True" time="0.008" asserts="0">
                    <results>
                      <test-case name="MonoTests.System.Xml.XmlCommentTests.XmlCommentCloneNode" executed="True" success="True" time="0.001" asserts="8" />
                      <test-case name="MonoTests.System.Xml.XmlCommentTests.XmlCommentInnerAndOuterXml" executed="True" success="True" time="0.000" asserts="2" />
                      <test-case name="MonoTests.System.Xml.XmlCommentTests.XmlCommentIsReadOnly" executed="True" success="True" time="0.000" asserts="1" />
                      <test-case name="MonoTests.System.Xml.XmlCommentTests.XmlCommentLocalName" executed="True" success="True" time="0.000" asserts="1" />
                      <test-case name="MonoTests.System.Xml.XmlCommentTests.XmlCommentName" executed="True" success="True" time="0.000" asserts="1" />
                      <test-case name="MonoTests.System.Xml.XmlCommentTests.XmlCommentNodeType" executed="True" success="True" time="0.000" asserts="1" />
                    </results>
                  </test-suite>
                  <test-suite name="XmlConvertTests" success="True" time="0.152" asserts="0">
                    <results>
                      <test-case name="MonoTests.System.Xml.XmlConvertTests.DateTimeOffsetTimezoneRoundtrip" executed="True" success="True" time="0.010" asserts="1" />
                      <test-case name="MonoTests.System.Xml.XmlConvertTests.DateTimeOffsetWithWhitespace" executed="True" success="True" time="0.012" asserts="0" />
                      <test-case name="MonoTests.System.Xml.XmlConvertTests.DecodeName" executed="True" success="True" time="0.004" asserts="7" />
                      <test-case name="MonoTests.System.Xml.XmlConvertTests.DurationZero" executed="True" success="True" time="0.001" asserts="1" />
                      <test-case name="MonoTests.System.Xml.XmlConvertTests.EncodeLocalName" executed="True" success="True" time="0.001" asserts="4" />
                      <test-case name="MonoTests.System.Xml.XmlConvertTests.EncodeName" executed="True" success="True" time="0.000" asserts="6" />
                      <test-case name="MonoTests.System.Xml.XmlConvertTests.EncodeNmToken" executed="True" success="True" time="0.000" asserts="5" />
                      <test-case name="MonoTests.System.Xml.XmlConvertTests.EncodeNmTokenError" executed="True" success="True" time="0.000" asserts="0" />
                      <test-case name="MonoTests.System.Xml.XmlConvertTests.FromTimeSpan" executed="True" success="True" time="0.007" asserts="3" />
                      <test-case name="MonoTests.System.Xml.XmlConvertTests.TimeSpanToStringShouldNotHaveTimeSuffixIfTimeIsZero" executed="True" success="True" time="0.000" asserts="1" />
                      <test-case name="MonoTests.System.Xml.XmlConvertTests.ToBoolean" executed="True" success="True" time="0.001" asserts="4" />
                      <test-case name="MonoTests.System.Xml.XmlConvertTests.ToByte" executed="True" success="True" time="0.003" asserts="1" />
                      <test-case name="MonoTests.System.Xml.XmlConvertTests.ToChar" executed="True" success="True" time="0.000" asserts="1" />
                      <test-case name="MonoTests.System.Xml.XmlConvertTests.ToDateTime" executed="True" success="True" time="0.004" asserts="19" />
                      <test-case name="MonoTests.System.Xml.XmlConvertTests.ToDateTimeUtc" executed="True" success="True" time="0.001" asserts="1" />
                      <test-case name="MonoTests.System.Xml.XmlConvertTests.ToDateTimeWithSerializationMode" executed="True" success="True" time="0.024" asserts="276" />
                      <test-case name="MonoTests.System.Xml.XmlConvertTests.ToDateTimeZ" executed="True" success="True" time="0.002" asserts="0" />
                      <test-case name="MonoTests.System.Xml.XmlConvertTests.ToDecimal" executed="True" success="True" time="0.002" asserts="1" />
                      <test-case name="MonoTests.System.Xml.XmlConvertTests.ToDouble" executed="True" success="True" time="0.004" asserts="10" />
                      <test-case name="MonoTests.System.Xml.XmlConvertTests.ToDoubleRoundtrip" executed="True" success="True" time="0.003" asserts="1" />
                      <test-case name="MonoTests.System.Xml.XmlConvertTests.ToGuid" executed="True" success="True" time="0.002" asserts="1" />
                      <test-case name="MonoTests.System.Xml.XmlConvertTests.ToInt16" executed="True" success="True" time="0.001" asserts="5" />
                      <test-case name="MonoTests.System.Xml.XmlConvertTests.ToInt32" executed="True" success="True" time="0.001" asserts="5" />
                      <test-case name="MonoTests.System.Xml.XmlConvertTests.ToInt64" executed="True" success="True" time="0.004" asserts="5" />
                      <test-case name="MonoTests.System.Xml.XmlConvertTests.ToSByte" executed="True" success="True" time="0.001" asserts="5" />
                      <test-case name="MonoTests.System.Xml.XmlConvertTests.ToSingle" executed="True" success="True" time="0.001" asserts="10" />
                      <test-case name="MonoTests.System.Xml.XmlConvertTests.ToStringTest" executed="True" success="True" time="0.005" asserts="3" />
                      <test-case name="MonoTests.System.Xml.XmlConvertTests.ToTimeSpan" executed="True" success="True" time="0.002" asserts="9" />
                      <test-case name="MonoTests.System.Xml.XmlConvertTests.ToUInt16" executed="True" success="True" time="0.003" asserts="3" />
                      <test-case name="MonoTests.System.Xml.XmlConvertTests.ToUInt32" executed="True" success="True" time="0.002" asserts="3" />
                      <test-case name="MonoTests.System.Xml.XmlConvertTests.ToUInt64" executed="True" success="True" time="0.004" asserts="3" />
                      <test-case name="MonoTests.System.Xml.XmlConvertTests.VerifyName" executed="True" success="True" time="0.001" asserts="0" />
                      <test-case name="MonoTests.System.Xml.XmlConvertTests.VerifyNameEmpty" executed="True" success="True" time="0.000" asserts="0" />
                      <test-case name="MonoTests.System.Xml.XmlConvertTests.VerifyNameInvalid" executed="True" success="True" time="0.001" asserts="0" />
                      <test-case name="MonoTests.System.Xml.XmlConvertTests.VerifyNameNull" executed="True" success="True" time="0.000" asserts="0" />
                      <test-case name="MonoTests.System.Xml.XmlConvertTests.VerifyNCName" executed="True" success="True" time="0.001" asserts="1" />
                      <test-case name="MonoTests.System.Xml.XmlConvertTests.VerifyNCNameEmpty" executed="True" success="True" time="0.000" asserts="0" />
                      <test-case name="MonoTests.System.Xml.XmlConvertTests.VerifyNCNameNull" executed="True" success="True" time="0.000" asserts="0" />
                      <test-case name="MonoTests.System.Xml.XmlConvertTests.VerifyTOKEN" executed="True" success="True" time="0.001" asserts="0" />
                      <test-case name="MonoTests.System.Xml.XmlConvertTests.XmlDateTimeSerializationModeAndMaxValue" executed="True" success="True" time="0.001" asserts="6" />
                      <test-case name="MonoTests.System.Xml.XmlConvertTests.XmlDateTimeSerializationModeLocal" executed="True" success="True" time="0.000" asserts="0" />
                      <test-case name="MonoTests.System.Xml.XmlConvertTests.XmlDateTimeSerializationModeRountripKind" executed="True" success="True" time="0.001" asserts="3" />
                      <test-case name="MonoTests.System.Xml.XmlConvertTests.XmlDateTimeSerializationModeSeveralFormats" executed="True" success="True" time="0.001" asserts="0" />
                      <test-case name="MonoTests.System.Xml.XmlConvertTests.XmlDateTimeSerializationModeUnspecified" executed="True" success="True" time="0.001" asserts="2" />
                      <test-case name="MonoTests.System.Xml.XmlConvertTests.XmlDateTimeSerializationModeUtc" executed="True" success="True" time="0.001" asserts="2" />
                    </results>
                  </test-suite>
                  <test-suite name="XmlDeclarationTests" success="True" time="0.020" asserts="0">
                    <results>
                      <test-case name="MonoTests.System.Xml.XmlDeclarationTests.Bug79496" executed="True" success="True" time="0.001" asserts="1" />
                      <test-case name="MonoTests.System.Xml.XmlDeclarationTests.Constructor" executed="True" success="True" time="0.000" asserts="0" />
                      <test-case name="MonoTests.System.Xml.XmlDeclarationTests.EncodingProperty" executed="True" success="True" time="0.000" asserts="2" />
                      <test-case name="MonoTests.System.Xml.XmlDeclarationTests.InnerAndOuterXml" executed="True" success="True" time="0.001" asserts="8" />
                      <test-case name="MonoTests.System.Xml.XmlDeclarationTests.InvalidInnerText" executed="True" success="True" time="0.000" asserts="0" />
                      <test-case name="MonoTests.System.Xml.XmlDeclarationTests.InvalidInnerText2" executed="True" success="True" time="0.000" asserts="0" />
                      <test-case name="MonoTests.System.Xml.XmlDeclarationTests.InvalidInnerText3" executed="True" success="True" time="0.000" asserts="0" />
                      <test-case name="MonoTests.System.Xml.XmlDeclarationTests.InvalidInnerText4" executed="True" success="True" time="0.000" asserts="0" />
                      <test-case name="MonoTests.System.Xml.XmlDeclarationTests.InvalidInnerText5" executed="True" success="True" time="0.000" asserts="0" />
                      <test-case name="MonoTests.System.Xml.XmlDeclarationTests.InvalidInnerText6" executed="True" success="True" time="0.000" asserts="0" />
                      <test-case name="MonoTests.System.Xml.XmlDeclarationTests.Names" executed="True" success="True" time="0.000" asserts="2" />
                      <test-case name="MonoTests.System.Xml.XmlDeclarationTests.NodeType" executed="True" success="True" time="0.000" asserts="1" />
                      <test-case name="MonoTests.System.Xml.XmlDeclarationTests.StandaloneProperty" executed="True" success="True" time="0.000" asserts="3" />
                      <test-case name="MonoTests.System.Xml.XmlDeclarationTests.ValidInnerText" executed="True" success="True" time="0.000" asserts="0" />
                      <test-case name="MonoTests.System.Xml.XmlDeclarationTests.ValueProperty" executed="True" success="True" time="0.001" asserts="8" />
                      <test-case name="MonoTests.System.Xml.XmlDeclarationTests.XmlCommentCloneNode" executed="True" success="True" time="0.001" asserts="7" />
                    </results>
                  </test-suite>
                  <test-suite name="XmlDocumentEventTests" success="True" time="0.004" asserts="0">
                    <results>
                      <test-case name="MonoTests.System.Xml.XmlDocumentEventTests.DefaultAttributeRemoval" executed="True" success="True" time="0.002" asserts="1" />
                      <test-case name="MonoTests.System.Xml.XmlDocumentEventTests.InsertingOrder" executed="True" success="True" time="0.000" asserts="1" />
                    </results>
                  </test-suite>
                  <test-suite name="XmlDocumentFragmentTests" success="True" time="0.009" asserts="0">
                    <results>
                      <test-case name="MonoTests.System.Xml.XmlDocumentFragmentTests.AppendChildToFragment" executed="True" success="True" time="0.001" asserts="3" />
                      <test-case name="MonoTests.System.Xml.XmlDocumentFragmentTests.AppendFragmentToElement" executed="True" success="True" time="0.001" asserts="5" />
                      <test-case name="MonoTests.System.Xml.XmlDocumentFragmentTests.Constructor" executed="True" success="True" time="0.000" asserts="2" />
                      <test-case name="MonoTests.System.Xml.XmlDocumentFragmentTests.GetInnerXml" executed="True" success="True" time="0.001" asserts="1" />
                      <test-case name="MonoTests.System.Xml.XmlDocumentFragmentTests.InnerText" executed="True" success="True" time="0.001" asserts="1" />
                      <test-case name="MonoTests.System.Xml.XmlDocumentFragmentTests.SetInnerXml" executed="True" success="True" time="0.001" asserts="4" />
                    </results>
                  </test-suite>
                  <test-suite name="XmlDocumentTests" success="True" time="0.106" asserts="0">
                    <results>
                      <test-case name="MonoTests.System.Xml.XmlDocumentTests.Bug79468" executed="True" success="True" time="0.000" asserts="0" />
                      <test-case name="MonoTests.System.Xml.XmlDocumentTests.CloneNode" executed="True" success="True" time="0.002" asserts="2" />
                      <test-case name="MonoTests.System.Xml.XmlDocumentTests.CreateAttribute" executed="True" success="True" time="0.000" asserts="2" />
                      <test-case name="MonoTests.System.Xml.XmlDocumentTests.CreateEntityReferencesWithoutDTD" executed="True" success="True" time="0.000" asserts="0" />
                      <test-case name="MonoTests.System.Xml.XmlDocumentTests.CreateNodeInvalidXmlNodeType" executed="True" success="True" time="0.001" asserts="1" />
                      <test-case name="MonoTests.System.Xml.XmlDocumentTests.CreateNodeNodeTypeName" executed="True" success="True" time="0.002" asserts="10">
                        <categories>
                          <category name="NotDotNet" />
                        </categories>
                      </test-case>
                      <test-case name="MonoTests.System.Xml.XmlDocumentTests.CreateNodeNodeTypeNameEmptyParams" executed="True" success="True" time="0.001" asserts="0" />
                      <test-case name="MonoTests.System.Xml.XmlDocumentTests.CreateNodeWhichParamIsUsed" executed="True" success="True" time="0.001" asserts="7" />
                      <test-case name="MonoTests.System.Xml.XmlDocumentTests.DocumentElement" executed="True" success="True" time="0.000" asserts="8" />
                      <test-case name="MonoTests.System.Xml.XmlDocumentTests.DocumentEmpty" executed="True" success="True" time="0.000" asserts="1" />
                      <test-case name="MonoTests.System.Xml.XmlDocumentTests.DocumentTypeNodes" executed="True" success="True" time="0.003" asserts="7" />
                      <test-case name="MonoTests.System.Xml.XmlDocumentTests.DocumentWithDoctypeDecl" executed="True" success="True" time="0.000" asserts="1" />
                      <test-case name="MonoTests.System.Xml.XmlDocumentTests.DTDEntityAttributeHandling" executed="True" success="True" time="0.002" asserts="2" />
                      <test-case name="MonoTests.System.Xml.XmlDocumentTests.EventNodeChanged" executed="True" success="True" time="0.001" asserts="6" />
                      <test-case name="MonoTests.System.Xml.XmlDocumentTests.EventNodeChanging" executed="True" success="True" time="0.002" asserts="8" />
                      <test-case name="MonoTests.System.Xml.XmlDocumentTests.EventNodeInserted" executed="True" success="True" time="0.001" asserts="3" />
                      <test-case name="MonoTests.System.Xml.XmlDocumentTests.EventNodeInserting" executed="True" success="True" time="0.001" asserts="7" />
                      <test-case name="MonoTests.System.Xml.XmlDocumentTests.EventNodeRemoved" executed="True" success="True" time="0.001" asserts="6" />
                      <test-case name="MonoTests.System.Xml.XmlDocumentTests.EventNodeRemoving" executed="True" success="True" time="0.001" asserts="8" />
                      <test-case name="MonoTests.System.Xml.XmlDocumentTests.GetElementsByTagNameNoNameSpace" executed="True" success="True" time="0.001" asserts="1" />
                      <test-case name="MonoTests.System.Xml.XmlDocumentTests.GetElementsByTagNameNs2" executed="True" success="True" time="0.003" asserts="30" />
                      <test-case name="MonoTests.System.Xml.XmlDocumentTests.GetElementsByTagNameUsingNameSpace" executed="True" success="True" time="0.002" asserts="1" />
                      <test-case name="MonoTests.System.Xml.XmlDocumentTests.Implementation" executed="True" success="True" time="0.000" asserts="1" />
                      <test-case name="MonoTests.System.Xml.XmlDocumentTests.ImportNode" executed="True" success="True" time="0.002" asserts="12" />
                      <test-case name="MonoTests.System.Xml.XmlDocumentTests.InnerAndOuterXml" executed="True" success="True" time="0.001" asserts="12" />
                      <test-case name="MonoTests.System.Xml.XmlDocumentTests.LoadEntityReference" executed="True" success="True" time="0.002" asserts="2" />
                      <test-case name="MonoTests.System.Xml.XmlDocumentTests.LoadFromMiddleOfDocument" executed="True" success="True" time="0.000" asserts="1" />
                      <test-case name="MonoTests.System.Xml.XmlDocumentTests.LoadThrowsUndeclaredEntity" executed="True" success="True" time="0.001" asserts="0" />
                      <test-case name="MonoTests.System.Xml.XmlDocumentTests.LoadTreatsFixedAttributesAsIfItExisted" executed="True" success="True" time="0.001" asserts="1" />
                      <test-case name="MonoTests.System.Xml.XmlDocumentTests.LoadWithSystemIOStream" executed="True" success="True" time="0.001" asserts="1" />
                      <test-case name="MonoTests.System.Xml.XmlDocumentTests.LoadXmlCDATA" executed="True" success="True" time="0.000" asserts="2" />
                      <test-case name="MonoTests.System.Xml.XmlDocumentTests.LoadXMLComment" executed="True" success="True" time="0.000" asserts="3" />
                      <test-case name="MonoTests.System.Xml.XmlDocumentTests.LoadXmlElementSingle" executed="True" success="True" time="0.001" asserts="7" />
                      <test-case name="MonoTests.System.Xml.XmlDocumentTests.LoadXmlElementWithAttributes" executed="True" success="True" time="0.000" asserts="6" />
                      <test-case name="MonoTests.System.Xml.XmlDocumentTests.LoadXmlElementWithChildElement" executed="True" success="True" time="0.000" asserts="4" />
                      <test-case name="MonoTests.System.Xml.XmlDocumentTests.LoadXmlElementWithTextNode" executed="True" success="True" time="0.000" asserts="2" />
                      <test-case name="MonoTests.System.Xml.XmlDocumentTests.LoadXmlExceptionClearsDocument" executed="True" success="True" time="0.001" asserts="2" />
                      <test-case name="MonoTests.System.Xml.XmlDocumentTests.LoadXmlProcessingInstruction" executed="True" success="True" time="0.000" asserts="2" />
                      <test-case name="MonoTests.System.Xml.XmlDocumentTests.LoadXmlReaderNamespacesFalse" executed="True" success="True" time="0.000" asserts="0" />
                      <test-case name="MonoTests.System.Xml.XmlDocumentTests.NameTable" executed="True" success="True" time="0.000" asserts="1" />
                      <test-case name="MonoTests.System.Xml.XmlDocumentTests.OuterXml" executed="True" success="True" time="0.001" asserts="3" />
                      <test-case name="MonoTests.System.Xml.XmlDocumentTests.OuterXmlWithDefaultXmlns" executed="True" success="True" time="0.001" asserts="1" />
                      <test-case name="MonoTests.System.Xml.XmlDocumentTests.ParentNodes" executed="True" success="True" time="0.001" asserts="5" />
                      <test-case name="MonoTests.System.Xml.XmlDocumentTests.PreserveWhitespace" executed="True" success="True" time="0.001" asserts="1" />
                      <test-case name="MonoTests.System.Xml.XmlDocumentTests.PreserveWhitespace2" executed="True" success="True" time="0.001" asserts="3" />
                      <test-case name="MonoTests.System.Xml.XmlDocumentTests.ReadNodeEmptyContent" executed="True" success="True" time="0.005" asserts="1" />
                      <test-case name="MonoTests.System.Xml.XmlDocumentTests.ReadNodeEntityReferenceFillsChildren" executed="True" success="True" time="0.001" asserts="1" />
                      <test-case name="MonoTests.System.Xml.XmlDocumentTests.ReadNodeWhitespace" executed="True" success="True" time="0.001" asserts="2" />
                      <test-case name="MonoTests.System.Xml.XmlDocumentTests.RemovedElementNextSibling" executed="True" success="True" time="0.001" asserts="1" />
                      <test-case name="MonoTests.System.Xml.XmlDocumentTests.SavePreserveWhitespace" executed="True" success="True" time="0.001" asserts="2" />
                      <test-case name="MonoTests.System.Xml.XmlDocumentTests.SingleEmptyRootDocument" executed="True" success="True" time="0.000" asserts="1" />
                      <test-case name="MonoTests.System.Xml.XmlDocumentTests.UseOverridenCreateAttribute" executed="True" success="True" time="0.001" asserts="2" />
                    </results>
                  </test-suite>
                  <test-suite name="XmlDocumentTypeTests" success="True" time="0.010" asserts="0">
                    <results>
                      <test-case name="MonoTests.System.Xml.XmlDocumentTypeTests.AppendChild" executed="True" success="True" time="0.000" asserts="0" />
                      <test-case name="MonoTests.System.Xml.XmlDocumentTypeTests.CloneNode" executed="True" success="True" time="0.001" asserts="7" />
                      <test-case name="MonoTests.System.Xml.XmlDocumentTypeTests.IncorrectInternalSubset" executed="True" success="True" time="0.001" asserts="0" />
                      <test-case name="MonoTests.System.Xml.XmlDocumentTypeTests.InternalSubset" executed="True" success="True" time="0.000" asserts="1" />
                      <test-case name="MonoTests.System.Xml.XmlDocumentTypeTests.IsReadOnly" executed="True" success="True" time="0.000" asserts="1" />
                      <test-case name="MonoTests.System.Xml.XmlDocumentTypeTests.LocalName" executed="True" success="True" time="0.000" asserts="1" />
                      <test-case name="MonoTests.System.Xml.XmlDocumentTypeTests.Name" executed="True" success="True" time="0.000" asserts="1" />
                      <test-case name="MonoTests.System.Xml.XmlDocumentTypeTests.NodeType" executed="True" success="True" time="0.000" asserts="1" />
                    </results>
                  </test-suite>
                  <test-suite name="XmlElementTests" success="True" time="0.045" asserts="0">
                    <results>
                      <test-case name="MonoTests.System.Xml.XmlElementTests.CloneNode" executed="True" success="True" time="0.001" asserts="5" />
                      <test-case name="MonoTests.System.Xml.XmlElementTests.ConstructionAndDefaultAttributes" executed="True" success="True" time="0.001" asserts="0" />
                      <test-case name="MonoTests.System.Xml.XmlElementTests.CreateElement1" executed="True" success="True" time="0.000" asserts="4" />
                      <test-case name="MonoTests.System.Xml.XmlElementTests.CreateElement1WithPrefix" executed="True" success="True" time="0.000" asserts="4" />
                      <test-case name="MonoTests.System.Xml.XmlElementTests.CreateElement2" executed="True" success="True" time="0.000" asserts="4" />
                      <test-case name="MonoTests.System.Xml.XmlElementTests.CreateElement2WithPrefix" executed="True" success="True" time="0.000" asserts="4" />
                      <test-case name="MonoTests.System.Xml.XmlElementTests.CreateElement3" executed="True" success="True" time="0.000" asserts="4" />
                      <test-case name="MonoTests.System.Xml.XmlElementTests.CreateElement3WithNullNamespace" executed="True" success="True" time="0.000" asserts="4" />
                      <test-case name="MonoTests.System.Xml.XmlElementTests.GetElementsByTagNameNoNameSpace" executed="True" success="True" time="0.001" asserts="1" />
                      <test-case name="MonoTests.System.Xml.XmlElementTests.GetElementsByTagNameNs2" executed="True" success="True" time="0.002" asserts="28" />
                      <test-case name="MonoTests.System.Xml.XmlElementTests.GetElementsByTagNameUsingNameSpace" executed="True" success="True" time="0.001" asserts="1" />
                      <test-case name="MonoTests.System.Xml.XmlElementTests.InnerAndOuterXml" executed="True" success="True" time="0.001" asserts="9" />
                      <test-case name="MonoTests.System.Xml.XmlElementTests.InnerTextAndEvent" executed="True" success="True" time="0.001" asserts="6" />
                      <test-case name="MonoTests.System.Xml.XmlElementTests.InnerXmlSetter" executed="True" success="True" time="0.001" asserts="11" />
                      <test-case name="MonoTests.System.Xml.XmlElementTests.InnerXmlSetter2" executed="True" success="True" time="0.000" asserts="1" />
                      <test-case name="MonoTests.System.Xml.XmlElementTests.IsEmpty" executed="True" success="True" time="0.000" asserts="2" />
                      <test-case name="MonoTests.System.Xml.XmlElementTests.NullPrefix" executed="True" success="True" time="0.000" asserts="0" />
                      <test-case name="MonoTests.System.Xml.XmlElementTests.OuterXmlWithNamespace" executed="True" success="True" time="0.000" asserts="1" />
                      <test-case name="MonoTests.System.Xml.XmlElementTests.RemoveAllAttributes" executed="True" success="True" time="0.001" asserts="1" />
                      <test-case name="MonoTests.System.Xml.XmlElementTests.RemoveAttribute" executed="True" success="True" time="0.000" asserts="3" />
                      <test-case name="MonoTests.System.Xml.XmlElementTests.RemoveDoesNotRemoveDefaultAttributes" executed="False">
                        <reason>
                          <message><![CDATA[This test is very implementation dependent and thus .NET 2.0 does not pass. That's why I said http://primates.ximian.com/~atsushi/blog/archives/000416.html and http://svn.myrealbox.com/viewcvs/trunk/mono/web/xml-classes?rev=23598]]></message>
                        </reason>
                      </test-case>
                      <test-case name="MonoTests.System.Xml.XmlElementTests.SetAttributeExistingNoInsert" executed="True" success="True" time="0.000" asserts="1" />
                      <test-case name="MonoTests.System.Xml.XmlElementTests.SetAttributeNode" executed="True" success="True" time="0.001" asserts="2" />
                      <test-case name="MonoTests.System.Xml.XmlElementTests.SetAttributeNodeError" executed="True" success="True" time="0.000" asserts="0" />
                      <test-case name="MonoTests.System.Xml.XmlElementTests.SetAttributeWithIdentity" executed="False">
                        <categories>
                          <category name="Networking" />
                        </categories>
                        <reason>
                          <message><![CDATA[The server takes too much time to respond]]></message>
                        </reason>
                      </test-case>
                      <test-case name="MonoTests.System.Xml.XmlElementTests.SetAttributeXmlns" executed="True" success="True" time="0.000" asserts="1" />
                      <test-case name="MonoTests.System.Xml.XmlElementTests.SetEmptyStringPrefix" executed="True" success="True" time="0.001" asserts="7" />
                      <test-case name="MonoTests.System.Xml.XmlElementTests.SetGetAttribute" executed="True" success="True" time="0.000" asserts="2" />
                      <test-case name="MonoTests.System.Xml.XmlElementTests.SetNullPrefix" executed="True" success="True" time="0.000" asserts="7" />
                      <test-case name="MonoTests.System.Xml.XmlElementTests.WriteToDefaultAttribute" executed="True" success="True" time="0.000" asserts="1" />
                      <test-case name="MonoTests.System.Xml.XmlElementTests.WriteToMakesNonsenseForDefaultNSChildren" executed="True" success="True" time="0.000" asserts="1" />
                      <test-case name="MonoTests.System.Xml.XmlElementTests.WriteToWithDefaultNamespace" executed="True" success="True" time="0.000" asserts="1" />
                      <test-case name="MonoTests.System.Xml.XmlElementTests.WriteToWithDeletedNamespacePrefix" executed="True" success="True" time="0.000" asserts="1" />
                      <test-case name="MonoTests.System.Xml.XmlElementTests.WriteToWithDifferentNamespaceAttributes" executed="True" success="True" time="0.000" asserts="1" />
                    </results>
                  </test-suite>
                  <test-suite name="XmlEntityReferenceTests" success="True" time="0.002" asserts="0">
                    <results>
                      <test-case name="MonoTests.System.Xml.XmlEntityReferenceTests.ChildNodes" executed="True" success="True" time="0.001" asserts="9" />
                      <test-case name="MonoTests.System.Xml.XmlEntityReferenceTests.DescendantsRecursively" executed="True" success="True" time="0.000" asserts="4" />
                      <test-case name="MonoTests.System.Xml.XmlEntityReferenceTests.WriteTo" executed="True" success="True" time="0.000" asserts="2" />
                    </results>
                  </test-suite>
                  <test-suite name="XmlEntityTests" success="True" time="0.001" asserts="0">
                    <results>
                      <test-case name="MonoTests.System.Xml.XmlEntityTests.TestValue" executed="True" success="True" time="0.001" asserts="7" />
                    </results>
                  </test-suite>
                  <test-suite name="XmlNamespaceManagerTests" success="True" time="0.030" asserts="0">
                    <results>
                      <test-case name="MonoTests.System.Xml.XmlNamespaceManagerTests.AddNamespace" executed="True" success="True" time="0.000" asserts="3" />
                      <test-case name="MonoTests.System.Xml.XmlNamespaceManagerTests.AddNamespace_XmlPrefix" executed="True" success="True" time="0.000" asserts="0" />
                      <test-case name="MonoTests.System.Xml.XmlNamespaceManagerTests.AddNamespace_XmlPrefix_Invalid" executed="True" success="True" time="0.000" asserts="0" />
                      <test-case name="MonoTests.System.Xml.XmlNamespaceManagerTests.AddNamespaceWithNameTable" executed="True" success="True" time="0.000" asserts="2" />
                      <test-case name="MonoTests.System.Xml.XmlNamespaceManagerTests.AddPushPopRemove" executed="True" success="True" time="0.001" asserts="4" />
                      <test-case name="MonoTests.System.Xml.XmlNamespaceManagerTests.AtomizedLookup" executed="True" success="True" time="0.000" asserts="1" />
                      <test-case name="MonoTests.System.Xml.XmlNamespaceManagerTests.GetNamespacesInScope" executed="True" success="True" time="0.002" asserts="18">
                        <categories>
                          <category name="NotDotNet" />
                        </categories>
                      </test-case>
                      <test-case name="MonoTests.System.Xml.XmlNamespaceManagerTests.LookupPrefix" executed="True" success="True" time="0.000" asserts="2" />
                      <test-case name="MonoTests.System.Xml.XmlNamespaceManagerTests.NewNamespaceManager" executed="True" success="True" time="0.001" asserts="16" />
                      <test-case name="MonoTests.System.Xml.XmlNamespaceManagerTests.PopScope" executed="True" success="True" time="0.001" asserts="13" />
                      <test-case name="MonoTests.System.Xml.XmlNamespaceManagerTests.PopScopeMustKeepAddedInScope" executed="True" success="True" time="0.000" asserts="2" />
                      <test-case name="MonoTests.System.Xml.XmlNamespaceManagerTests.PushScope" executed="True" success="True" time="0.000" asserts="6" />
                      <test-case name="MonoTests.System.Xml.XmlNamespaceManagerTests.TryToAddPrefixXml" executed="True" success="True" time="0.000" asserts="0" />
                      <test-case name="MonoTests.System.Xml.XmlNamespaceManagerTests.TryToAddPrefixXmlns" executed="True" success="True" time="0.000" asserts="0" />
                    </results>
                  </test-suite>
                  <test-suite name="XmlNodeListTests" success="True" time="0.025" asserts="0">
                    <results>
                      <test-case name="MonoTests.System.Xml.XmlNodeListTests.AppendChildAffectOnEnumeration" executed="True" success="True" time="0.001" asserts="5" />
                      <test-case name="MonoTests.System.Xml.XmlNodeListTests.CurrentAfterLastNode" executed="True" success="True" time="0.000" asserts="0" />
                      <test-case name="MonoTests.System.Xml.XmlNodeListTests.CurrentBeforeFirstNode" executed="True" success="True" time="0.000" asserts="0" />
                      <test-case name="MonoTests.System.Xml.XmlNodeListTests.CurrentDoesntMove" executed="True" success="True" time="0.000" asserts="1" />
                      <test-case name="MonoTests.System.Xml.XmlNodeListTests.MultipleChildren" executed="True" success="True" time="0.001" asserts="11" />
                      <test-case name="MonoTests.System.Xml.XmlNodeListTests.NodeTypesThatCantHaveChildren" executed="True" success="True" time="0.001" asserts="4" />
                      <test-case name="MonoTests.System.Xml.XmlNodeListTests.OneChild" executed="True" success="True" time="0.001" asserts="3" />
                      <test-case name="MonoTests.System.Xml.XmlNodeListTests.RemoveChildAffectOnEnumeration" executed="True" success="True" time="0.000" asserts="1" />
                      <test-case name="MonoTests.System.Xml.XmlNodeListTests.RemoveChildAffectOnEnumerationWhenEnumeratorIsOnRemovedChild" executed="True" success="True" time="0.000" asserts="2" />
                      <test-case name="MonoTests.System.Xml.XmlNodeListTests.RemoveOnlyChildAffectOnEnumeration" executed="True" success="True" time="0.000" asserts="1" />
                      <test-case name="MonoTests.System.Xml.XmlNodeListTests.Reset" executed="True" success="True" time="0.000" asserts="2" />
                      <test-case name="MonoTests.System.Xml.XmlNodeListTests.ReturnNullWhenIndexIsOutOfRange" executed="True" success="True" time="0.000" asserts="4" />
                      <test-case name="MonoTests.System.Xml.XmlNodeListTests.ZeroChildren" executed="True" success="True" time="0.000" asserts="1" />
                    </results>
                  </test-suite>
                  <test-suite name="XmlNodeReaderTests" success="True" time="0.023" asserts="0">
                    <results>
                      <test-case name="MonoTests.System.Xml.XmlNodeReaderTests.FromEmptyNonDocumentElement" executed="True" success="True" time="0.002" asserts="5" />
                      <test-case name="MonoTests.System.Xml.XmlNodeReaderTests.InvalidConstruction" executed="True" success="True" time="0.001" asserts="6" />
                      <test-case name="MonoTests.System.Xml.XmlNodeReaderTests.MoveToNextAttributeFromValue" executed="True" success="True" time="0.001" asserts="3" />
                      <test-case name="MonoTests.System.Xml.XmlNodeReaderTests.ReadFromElement" executed="True" success="True" time="0.001" asserts="4" />
                      <test-case name="MonoTests.System.Xml.XmlNodeReaderTests.ReadInnerXmlWrongInit" executed="True" success="True" time="0.001" asserts="3" />
                      <test-case name="MonoTests.System.Xml.XmlNodeReaderTests.ResolveEntity" executed="True" success="True" time="0.006" asserts="17" />
                      <test-case name="MonoTests.System.Xml.XmlNodeReaderTests.ResolveEntity2" executed="False">
                        <reason>
                          <message><![CDATA[.NET 2.0 XmlNodeReader does not allow undeclared entities at all.]]></message>
                        </reason>
                      </test-case>
                      <test-case name="MonoTests.System.Xml.XmlNodeReaderTests.ResolveEntityWithoutDTD" executed="False">
                        <reason>
                          <message><![CDATA[.NET 2.0 XmlNodeReader does not allow undeclared entities at all.]]></message>
                        </reason>
                      </test-case>
                    </results>
                  </test-suite>
                  <test-suite name="XmlNodeTests" success="True" time="0.076" asserts="0">
                    <results>
                      <test-case name="MonoTests.System.Xml.XmlNodeTests.AppendChild" executed="True" success="True" time="0.001" asserts="4" />
                      <test-case name="MonoTests.System.Xml.XmlNodeTests.AppendReferenceChildAsNewChild" executed="True" success="True" time="0.000" asserts="0" />
                      <test-case name="MonoTests.System.Xml.XmlNodeTests.BaseURI" executed="True" success="True" time="0.041" asserts="3" />
                      <test-case name="MonoTests.System.Xml.XmlNodeTests.CloneReadonlyNode" executed="True" success="True" time="0.001" asserts="2" />
                      <test-case name="MonoTests.System.Xml.XmlNodeTests.GetNamespaceOfPrefix" executed="True" success="True" time="0.001" asserts="10" />
                      <test-case name="MonoTests.System.Xml.XmlNodeTests.GetNamespaceOfPrefixNullArg" executed="True" success="True" time="0.000" asserts="0" />
                      <test-case name="MonoTests.System.Xml.XmlNodeTests.GetPrefixOfNamespace" executed="True" success="True" time="0.001" asserts="7" />
                      <test-case name="MonoTests.System.Xml.XmlNodeTests.GetPrefixOfNamespace2" executed="True" success="True" time="0.000" asserts="1" />
                      <test-case name="MonoTests.System.Xml.XmlNodeTests.InnerText" executed="True" success="True" time="0.000" asserts="4" />
                      <test-case name="MonoTests.System.Xml.XmlNodeTests.InnerTextComment" executed="True" success="True" time="0.000" asserts="1" />
                      <test-case name="MonoTests.System.Xml.XmlNodeTests.InnerXmlWithXmlns" executed="True" success="True" time="0.000" asserts="1" />
                      <test-case name="MonoTests.System.Xml.XmlNodeTests.InsertAfter" executed="True" success="True" time="0.001" asserts="5" />
                      <test-case name="MonoTests.System.Xml.XmlNodeTests.InsertBefore" executed="True" success="True" time="0.000" asserts="1" />
                      <test-case name="MonoTests.System.Xml.XmlNodeTests.Normalize" executed="True" success="True" time="0.001" asserts="9" />
                      <test-case name="MonoTests.System.Xml.XmlNodeTests.Normalize2" executed="True" success="True" time="0.001" asserts="13" />
                      <test-case name="MonoTests.System.Xml.XmlNodeTests.PrependChild" executed="True" success="True" time="0.000" asserts="1" />
                      <test-case name="MonoTests.System.Xml.XmlNodeTests.PrependChild2" executed="True" success="True" time="0.000" asserts="0" />
                      <test-case name="MonoTests.System.Xml.XmlNodeTests.RemoveChild" executed="True" success="True" time="0.000" asserts="2" />
                      <test-case name="MonoTests.System.Xml.XmlNodeTests.RemoveLastChild" executed="True" success="True" time="0.000" asserts="1" />
                      <test-case name="MonoTests.System.Xml.XmlNodeTests.ReplaceChild" executed="True" success="True" time="0.001" asserts="3" />
                      <test-case name="MonoTests.System.Xml.XmlNodeTests.SelectNodes" executed="True" success="True" time="0.008" asserts="13" />
                      <test-case name="MonoTests.System.Xml.XmlNodeTests.SelectNodes2" executed="False">
                        <reason>
                          <message><![CDATA[MS.NET has a bug; it does not return nodes in document order.]]></message>
                        </reason>
                      </test-case>
                    </results>
                  </test-suite>
                  <test-suite name="XmlParserContextTests" success="True" time="0.017" asserts="0">
                    <results>
                      <test-case name="MonoTests.System.Xml.XmlParserContextTests.Constructor1" executed="True" success="True" time="0.002" asserts="20" />
                      <test-case name="MonoTests.System.Xml.XmlParserContextTests.Constructor2" executed="True" success="True" time="0.002" asserts="20" />
                      <test-case name="MonoTests.System.Xml.XmlParserContextTests.Constructor3" executed="True" success="True" time="0.006" asserts="20" />
                      <test-case name="MonoTests.System.Xml.XmlParserContextTests.Constructor4" executed="True" success="True" time="0.002" asserts="20" />
                      <test-case name="MonoTests.System.Xml.XmlParserContextTests.NameTableConstructor" executed="True" success="True" time="0.000" asserts="2" />
                    </results>
                  </test-suite>
                  <test-suite name="XmlProcessingInstructionTests" success="True" time="0.001" asserts="0">
                    <results>
                      <test-case name="MonoTests.System.Xml.XmlProcessingInstructionTests.InnerAndOuterXml" executed="True" success="True" time="0.000" asserts="2" />
                    </results>
                  </test-suite>
                  <test-suite name="XmlReaderSettingsTests" success="True" time="0.069" asserts="0">
                    <results>
                      <test-case name="MonoTests.System.Xml.XmlReaderSettingsTests.AsyncPropagation" executed="True" success="True" time="0.002" asserts="3" />
                      <test-case name="MonoTests.System.Xml.XmlReaderSettingsTests.CheckCharactersAndNormalization" executed="True" success="True" time="0.001" asserts="2" />
                      <test-case name="MonoTests.System.Xml.XmlReaderSettingsTests.CheckCharactersForNonTextReader" executed="True" success="True" time="0.001" asserts="2" />
                      <test-case name="MonoTests.System.Xml.XmlReaderSettingsTests.CloseInput" executed="True" success="True" time="0.001" asserts="0" />
                      <test-case name="MonoTests.System.Xml.XmlReaderSettingsTests.CreateAndNameTable" executed="True" success="True" time="0.001" asserts="0" />
                      <test-case name="MonoTests.System.Xml.XmlReaderSettingsTests.CreateAndNormalization" executed="True" success="True" time="0.000" asserts="2" />
                      <test-case name="MonoTests.System.Xml.XmlReaderSettingsTests.CreateAndSettings" executed="True" success="True" time="0.001" asserts="2" />
                      <test-case name="MonoTests.System.Xml.XmlReaderSettingsTests.CreateClonesSettings" executed="True" success="True" time="0.000" asserts="1" />
                      <test-case name="MonoTests.System.Xml.XmlReaderSettingsTests.CreateConformanceChangeToDocument" executed="True" success="True" time="0.000" asserts="0" />
                      <test-case name="MonoTests.System.Xml.XmlReaderSettingsTests.CreateConformanceChangeToFragment" executed="True" success="True" time="0.000" asserts="0" />
                      <test-case name="MonoTests.System.Xml.XmlReaderSettingsTests.CreateConformanceDocument" executed="True" success="True" time="0.000" asserts="0" />
                      <test-case name="MonoTests.System.Xml.XmlReaderSettingsTests.CreateConformanceFragment" executed="True" success="True" time="0.000" asserts="0" />
                      <test-case name="MonoTests.System.Xml.XmlReaderSettingsTests.CreateConformanceLevelExplicitAuto" executed="True" success="True" time="0.000" asserts="1" />
                      <test-case name="MonoTests.System.Xml.XmlReaderSettingsTests.CreateFromUrlWithValidation" executed="True" success="True" time="0.010" asserts="0" />
                      <test-case name="MonoTests.System.Xml.XmlReaderSettingsTests.CreateKeepConformance" executed="True" success="True" time="0.000" asserts="0" />
                      <test-case name="MonoTests.System.Xml.XmlReaderSettingsTests.CreateSetsBaseUri" executed="True" success="True" time="0.000" asserts="1" />
                      <test-case name="MonoTests.System.Xml.XmlReaderSettingsTests.CreateValidatorFromNonIXmlNamespaceResolver" executed="True" success="True" time="0.016" asserts="0" />
                      <test-case name="MonoTests.System.Xml.XmlReaderSettingsTests.CustomResolverUsedForXmlStream" executed="True" success="True" time="0.001" asserts="0" />
                      <test-case name="MonoTests.System.Xml.XmlReaderSettingsTests.DefaultValue" executed="True" success="True" time="0.001" asserts="15" />
                      <test-case name="MonoTests.System.Xml.XmlReaderSettingsTests.IgnoreComments" executed="True" success="True" time="0.001" asserts="1" />
                      <test-case name="MonoTests.System.Xml.XmlReaderSettingsTests.InferConformanceLevel" executed="True" success="True" time="0.000" asserts="1" />
                      <test-case name="MonoTests.System.Xml.XmlReaderSettingsTests.InferWrappedReaderConformance" executed="True" success="True" time="0.001" asserts="1" />
                      <test-case name="MonoTests.System.Xml.XmlReaderSettingsTests.NullResolver" executed="True" success="True" time="0.001" asserts="0" />
                      <test-case name="MonoTests.System.Xml.XmlReaderSettingsTests.ReadonlyAsync" executed="True" success="True" time="0.001" asserts="0" />
                      <test-case name="MonoTests.System.Xml.XmlReaderSettingsTests.ResolveEntities" executed="True" success="True" time="0.002" asserts="2" />
                      <test-case name="MonoTests.System.Xml.XmlReaderSettingsTests.SetSchemas" executed="True" success="True" time="0.000" asserts="0" />
                      <test-case name="MonoTests.System.Xml.XmlReaderSettingsTests.SetSchemasNull" executed="True" success="True" time="0.000" asserts="0" />
                      <test-case name="MonoTests.System.Xml.XmlReaderSettingsTests.ValidationEventHandler" executed="True" success="True" time="0.001" asserts="0" />
                    </results>
                  </test-suite>
                  <test-suite name="XmlReaderTests" success="True" time="0.199" asserts="0">
                    <results>
                      <test-case name="MonoTests.System.Xml.XmlReaderTests.AttributeInNamespace" executed="True" success="True" time="0.009" asserts="132" />
                      <test-case name="MonoTests.System.Xml.XmlReaderTests.AttributeOrder" executed="True" success="True" time="0.002" asserts="36" />
                      <test-case name="MonoTests.System.Xml.XmlReaderTests.CDATA" executed="True" success="True" time="0.001" asserts="208" />
                      <test-case name="MonoTests.System.Xml.XmlReaderTests.CharacterReferences" executed="True" success="True" time="0.001" asserts="208" />
                      <test-case name="MonoTests.System.Xml.XmlReaderTests.CharacterReferencesInAttribute" executed="True" success="True" time="0.001" asserts="104" />
                      <test-case name="MonoTests.System.Xml.XmlReaderTests.ChildElementInDefaultNamespace" executed="True" success="True" time="0.001" asserts="256" />
                      <test-case name="MonoTests.System.Xml.XmlReaderTests.ChildElementInNamespace" executed="True" success="True" time="0.001" asserts="260" />
                      <test-case name="MonoTests.System.Xml.XmlReaderTests.CommentBeforeDocumentElement" executed="True" success="True" time="0.001" asserts="152" />
                      <test-case name="MonoTests.System.Xml.XmlReaderTests.Create_String_Empty" executed="True" success="True" time="0.000" asserts="0" />
                      <test-case name="MonoTests.System.Xml.XmlReaderTests.CreateFromUrlClose" executed="True" success="True" time="0.003" asserts="0" />
                      <test-case name="MonoTests.System.Xml.XmlReaderTests.CreateFromUrlClose2" executed="True" success="True" time="0.005" asserts="0" />
                      <test-case name="MonoTests.System.Xml.XmlReaderTests.CreateSimple" executed="True" success="True" time="0.007" asserts="3" />
                      <test-case name="MonoTests.System.Xml.XmlReaderTests.CreateSimpleProhibitDtd" executed="True" success="True" time="0.001" asserts="0" />
                      <test-case name="MonoTests.System.Xml.XmlReaderTests.EmptyElement" executed="True" success="True" time="0.001" asserts="96" />
                      <test-case name="MonoTests.System.Xml.XmlReaderTests.EmptyElementInDefaultNamespace" executed="True" success="True" time="0.001" asserts="116" />
                      <test-case name="MonoTests.System.Xml.XmlReaderTests.EmptyElementWithAttributes" executed="True" success="True" time="0.001" asserts="152" />
                      <test-case name="MonoTests.System.Xml.XmlReaderTests.IndexerAndAttributes" executed="True" success="True" time="0.005" asserts="96">
                        <categories>
                          <category name="NotDotNet" />
                        </categories>
                      </test-case>
                      <test-case name="MonoTests.System.Xml.XmlReaderTests.InitialState" executed="True" success="True" time="0.001" asserts="28" />
                      <test-case name="MonoTests.System.Xml.XmlReaderTests.LookupEmptyPrefix" executed="True" success="True" time="0.001" asserts="4" />
                      <test-case name="MonoTests.System.Xml.XmlReaderTests.LookupNamespaceAtEndElement" executed="True" success="True" time="0.001" asserts="12" />
                      <test-case name="MonoTests.System.Xml.XmlReaderTests.MoveToElementFromAttribute" executed="True" success="True" time="0.001" asserts="24" />
                      <test-case name="MonoTests.System.Xml.XmlReaderTests.MoveToElementFromElement" executed="True" success="True" time="0.001" asserts="16" />
                      <test-case name="MonoTests.System.Xml.XmlReaderTests.MoveToFirstAttributeWithNoAttributes" executed="True" success="True" time="0.001" asserts="16" />
                      <test-case name="MonoTests.System.Xml.XmlReaderTests.MoveToNextAttribute" executed="True" success="True" time="0.001" asserts="188" />
                      <test-case name="MonoTests.System.Xml.XmlReaderTests.MoveToNextAttributeWithNoAttributes" executed="True" success="True" time="0.001" asserts="16" />
                      <test-case name="MonoTests.System.Xml.XmlReaderTests.MoveToXmlDeclAttributes" executed="False">
                        <reason>
                          <message><![CDATA[Too inconsistent reference implementations to determine which is correct behavior.]]></message>
                        </reason>
                      </test-case>
                      <test-case name="MonoTests.System.Xml.XmlReaderTests.MustSetAsyncFlag" executed="True" success="True" time="0.001" asserts="0" />
                      <test-case name="MonoTests.System.Xml.XmlReaderTests.NestedEmptyTag" executed="True" success="True" time="0.001" asserts="208" />
                      <test-case name="MonoTests.System.Xml.XmlReaderTests.NestedText" executed="True" success="True" time="0.001" asserts="208" />
                      <test-case name="MonoTests.System.Xml.XmlReaderTests.PredefinedEntities" executed="True" success="True" time="0.001" asserts="208" />
                      <test-case name="MonoTests.System.Xml.XmlReaderTests.PredefinedEntitiesInAttribute" executed="True" success="True" time="0.000" asserts="104" />
                      <test-case name="MonoTests.System.Xml.XmlReaderTests.ProcessingInstructionBeforeDocumentElement" executed="True" success="True" time="0.001" asserts="152" />
                      <test-case name="MonoTests.System.Xml.XmlReaderTests.ProhibitedMultipleAttributes" executed="True" success="True" time="0.001" asserts="0" />
                      <test-case name="MonoTests.System.Xml.XmlReaderTests.Read" executed="True" success="True" time="0.001" asserts="48" />
                      <test-case name="MonoTests.System.Xml.XmlReaderTests.ReadAttributeValue" executed="True" success="True" time="0.001" asserts="144">
                        <categories>
                          <category name="NotDotNet" />
                        </categories>
                      </test-case>
                      <test-case name="MonoTests.System.Xml.XmlReaderTests.ReadClosedReader" executed="True" success="True" time="0.000" asserts="0" />
                      <test-case name="MonoTests.System.Xml.XmlReaderTests.ReadContentAs" executed="True" success="True" time="0.003" asserts="8" />
                      <test-case name="MonoTests.System.Xml.XmlReaderTests.ReadContentAs_QNameEmptyNSResolver" executed="True" success="True" time="0.001" asserts="2" />
                      <test-case name="MonoTests.System.Xml.XmlReaderTests.ReadContentAsBase64" executed="True" success="True" time="0.005" asserts="3" />
                      <test-case name="MonoTests.System.Xml.XmlReaderTests.ReadContentAsBase64_2" executed="True" success="True" time="0.001" asserts="2" />
                      <test-case name="MonoTests.System.Xml.XmlReaderTests.ReadContentAsBase64_3" executed="True" success="True" time="0.004" asserts="4" />
                      <test-case name="MonoTests.System.Xml.XmlReaderTests.ReadContentAsDateTimeFail" executed="True" success="True" time="0.001" asserts="0" />
                      <test-case name="MonoTests.System.Xml.XmlReaderTests.ReadContentAsIntFail" executed="True" success="True" time="0.001" asserts="0" />
[...]
                  <test-case name="nist_dom.fundamental.NamedNodeMapTest.core0008M" executed="True" success="True" time="0.001" asserts="1" />
                  <test-case name="nist_dom.fundamental.NamedNodeMapTest.core0009M" executed="True" success="True" time="0.001" asserts="1">
                    <categories>
                      <category name="NotDotNet" />
                    </categories>
                  </test-case>
                  <test-case name="nist_dom.fundamental.NamedNodeMapTest.core0010M" executed="True" success="True" time="0.001" asserts="1" />
                  <test-case name="nist_dom.fundamental.NamedNodeMapTest.core0011M" executed="True" success="True" time="0.001" asserts="1" />
                  <test-case name="nist_dom.fundamental.NamedNodeMapTest.core0012M" executed="True" success="True" time="0.000" asserts="1" />
                  <test-case name="nist_dom.fundamental.NamedNodeMapTest.core0013M" executed="True" success="True" time="0.000" asserts="1" />
                  <test-case name="nist_dom.fundamental.NamedNodeMapTest.core0014M" executed="True" success="True" time="0.000" asserts="1" />
                  <test-case name="nist_dom.fundamental.NamedNodeMapTest.core0015M" executed="True" success="True" time="0.001" asserts="1" />
                  <test-case name="nist_dom.fundamental.NamedNodeMapTest.core0016M" executed="True" success="True" time="0.000" asserts="1" />
                  <test-case name="nist_dom.fundamental.NamedNodeMapTest.core0017M" executed="True" success="True" time="0.000" asserts="1" />
                  <test-case name="nist_dom.fundamental.NamedNodeMapTest.core0018M" executed="True" success="True" time="0.000" asserts="1">
                    <categories>
                      <category name="NotDotNet" />
                    </categories>
                  </test-case>
                  <test-case name="nist_dom.fundamental.NamedNodeMapTest.core0019M" executed="True" success="True" time="0.001" asserts="1">
                    <categories>
                      <category name="NotDotNet" />
                    </categories>
                  </test-case>
                  <test-case name="nist_dom.fundamental.NamedNodeMapTest.core0020M" executed="True" success="True" time="0.001" asserts="1">
                    <categories>
                      <category name="NotDotNet" />
                    </categories>
                  </test-case>
                  <test-case name="nist_dom.fundamental.NamedNodeMapTest.core0021M" executed="True" success="True" time="0.000" asserts="1" />
                </results>
              </test-suite>
              <test-suite name="NodeListTest" success="True" time="0.009" asserts="0">
                <results>
                  <test-case name="nist_dom.fundamental.NodeListTest.core0001N" executed="True" success="True" time="0.000" asserts="1" />
                  <test-case name="nist_dom.fundamental.NodeListTest.core0002N" executed="True" success="True" time="0.000" asserts="1" />
                  <test-case name="nist_dom.fundamental.NodeListTest.core0003N" executed="True" success="True" time="0.000" asserts="1" />
                  <test-case name="nist_dom.fundamental.NodeListTest.core0004N" executed="True" success="True" time="0.000" asserts="1" />
                  <test-case name="nist_dom.fundamental.NodeListTest.core0005N" executed="True" success="True" time="0.000" asserts="1" />
                  <test-case name="nist_dom.fundamental.NodeListTest.core0006N" executed="True" success="True" time="0.000" asserts="1" />
                  <test-case name="nist_dom.fundamental.NodeListTest.core0007N" executed="True" success="True" time="0.000" asserts="1" />
                  <test-case name="nist_dom.fundamental.NodeListTest.core0008N" executed="True" success="True" time="0.000" asserts="1" />
                  <test-case name="nist_dom.fundamental.NodeListTest.core0009N" executed="True" success="True" time="0.000" asserts="1" />
                </results>
              </test-suite>
              <test-suite name="NodeTest" success="True" time="0.145" asserts="0">
                <results>
                  <test-case name="nist_dom.fundamental.NodeTest.core0001NO" executed="True" success="True" time="0.001" asserts="1" />
                  <test-case name="nist_dom.fundamental.NodeTest.core0002NO" executed="True" success="True" time="0.001" asserts="1" />
                  <test-case name="nist_dom.fundamental.NodeTest.core0003NO" executed="True" success="True" time="0.001" asserts="1" />
                  <test-case name="nist_dom.fundamental.NodeTest.core0004NO" executed="True" success="True" time="0.001" asserts="1" />
                  <test-case name="nist_dom.fundamental.NodeTest.core0005NO" executed="True" success="True" time="0.000" asserts="1" />
                  <test-case name="nist_dom.fundamental.NodeTest.core0006NO" executed="True" success="True" time="0.000" asserts="1" />
                  <test-case name="nist_dom.fundamental.NodeTest.core0007NO" executed="True" success="True" time="0.000" asserts="1" />
                  <test-case name="nist_dom.fundamental.NodeTest.core0008NO" executed="True" success="True" time="0.000" asserts="1" />
                  <test-case name="nist_dom.fundamental.NodeTest.core0009NO" executed="True" success="True" time="0.000" asserts="1" />
                  <test-case name="nist_dom.fundamental.NodeTest.core0010NO" executed="True" success="True" time="0.000" asserts="1" />
                  <test-case name="nist_dom.fundamental.NodeTest.core0011NO" executed="True" success="True" time="0.000" asserts="1" />
                  <test-case name="nist_dom.fundamental.NodeTest.core0012NO" executed="True" success="True" time="0.001" asserts="1" />
                  <test-case name="nist_dom.fundamental.NodeTest.core0013NO" executed="True" success="True" time="0.000" asserts="1" />
                  <test-case name="nist_dom.fundamental.NodeTest.core0014NO" executed="True" success="True" time="0.001" asserts="1" />
                  <test-case name="nist_dom.fundamental.NodeTest.core0015NO" executed="True" success="True" time="0.000" asserts="1" />
                  <test-case name="nist_dom.fundamental.NodeTest.core0016NO" executed="True" success="True" time="0.000" asserts="1" />
                  <test-case name="nist_dom.fundamental.NodeTest.core0017NO" executed="True" success="True" time="0.000" asserts="1" />
                  <test-case name="nist_dom.fundamental.NodeTest.core0018NO" executed="True" success="True" time="0.000" asserts="1" />
                  <test-case name="nist_dom.fundamental.NodeTest.core0019NO" executed="True" success="True" time="0.000" asserts="1" />
                  <test-case name="nist_dom.fundamental.NodeTest.core0020NO" executed="True" success="True" time="0.000" asserts="1" />
                  <test-case name="nist_dom.fundamental.NodeTest.core0021NO" executed="True" success="True" time="0.000" asserts="1" />
                  <test-case name="nist_dom.fundamental.NodeTest.core0022NO" executed="True" success="True" time="0.000" asserts="1" />
                  <test-case name="nist_dom.fundamental.NodeTest.core0023NO" executed="True" success="True" time="0.000" asserts="1" />
                  <test-case name="nist_dom.fundamental.NodeTest.core0024NO" executed="True" success="True" time="0.000" asserts="1" />
                  <test-case name="nist_dom.fundamental.NodeTest.core0025NO" executed="True" success="True" time="0.001" asserts="1" />
                  <test-case name="nist_dom.fundamental.NodeTest.core0026NO" executed="True" success="True" time="0.001" asserts="1" />
                  <test-case name="nist_dom.fundamental.NodeTest.core0027NO" executed="True" success="True" time="0.001" asserts="1" />
                  <test-case name="nist_dom.fundamental.NodeTest.core0028NO" executed="True" success="True" time="0.000" asserts="1" />
                  <test-case name="nist_dom.fundamental.NodeTest.core0029NO" executed="True" success="True" time="0.001" asserts="1" />
                  <test-case name="nist_dom.fundamental.NodeTest.core0030NO" executed="True" success="True" time="0.001" asserts="1" />
                  <test-case name="nist_dom.fundamental.NodeTest.core0031NO" executed="True" success="True" time="0.001" asserts="1" />
                  <test-case name="nist_dom.fundamental.NodeTest.core0032NO" executed="True" success="True" time="0.000" asserts="1" />
                  <test-case name="nist_dom.fundamental.NodeTest.core0033NO" executed="True" success="True" time="0.000" asserts="1" />
                  <test-case name="nist_dom.fundamental.NodeTest.core0034NO" executed="True" success="True" time="0.000" asserts="1" />
                  <test-case name="nist_dom.fundamental.NodeTest.core0035NO" executed="True" success="True" time="0.000" asserts="1" />
                  <test-case name="nist_dom.fundamental.NodeTest.core0036NO" executed="True" success="True" time="0.000" asserts="1" />
                  <test-case name="nist_dom.fundamental.NodeTest.core0037NO" executed="True" success="True" time="0.001" asserts="1" />
                  <test-case name="nist_dom.fundamental.NodeTest.core0038NO" executed="True" success="True" time="0.001" asserts="1" />
                  <test-case name="nist_dom.fundamental.NodeTest.core0039NO" executed="True" success="True" time="0.000" asserts="1" />
                  <test-case name="nist_dom.fundamental.NodeTest.core0040NO" executed="True" success="True" time="0.001" asserts="1" />
                  <test-case name="nist_dom.fundamental.NodeTest.core0041NO" executed="True" success="True" time="0.001" asserts="1" />
                  <test-case name="nist_dom.fundamental.NodeTest.core0042NO" executed="True" success="True" time="0.001" asserts="1" />
                  <test-case name="nist_dom.fundamental.NodeTest.core0043NO" executed="True" success="True" time="0.005" asserts="1" />
                  <test-case name="nist_dom.fundamental.NodeTest.core0044NO" executed="True" success="True" time="0.000" asserts="1" />
                  <test-case name="nist_dom.fundamental.NodeTest.core0045NO" executed="True" success="True" time="0.000" asserts="1" />
                  <test-case name="nist_dom.fundamental.NodeTest.core0046NO" executed="True" success="True" time="0.000" asserts="1" />
                  <test-case name="nist_dom.fundamental.NodeTest.core0047NO" executed="True" success="True" time="0.000" asserts="1" />
                  <test-case name="nist_dom.fundamental.NodeTest.core0048NO" executed="True" success="True" time="0.000" asserts="1" />
                  <test-case name="nist_dom.fundamental.NodeTest.core0049NO" executed="True" success="True" time="0.000" asserts="1" />
                  <test-case name="nist_dom.fundamental.NodeTest.core0050NO" executed="True" success="True" time="0.000" asserts="1" />
                  <test-case name="nist_dom.fundamental.NodeTest.core0051NO" executed="True" success="True" time="0.001" asserts="1" />
                  <test-case name="nist_dom.fundamental.NodeTest.core0052NO" executed="True" success="True" time="0.000" asserts="1" />
                  <test-case name="nist_dom.fundamental.NodeTest.core0053NO" executed="True" success="True" time="0.000" asserts="1" />
                  <test-case name="nist_dom.fundamental.NodeTest.core0054NO" executed="True" success="True" time="0.001" asserts="1" />
                  <test-case name="nist_dom.fundamental.NodeTest.core0055NO" executed="True" success="True" time="0.000" asserts="1" />
                  <test-case name="nist_dom.fundamental.NodeTest.core0056NO" executed="True" success="True" time="0.000" asserts="1" />
                  <test-case name="nist_dom.fundamental.NodeTest.core0057NO" executed="True" success="True" time="0.000" asserts="1" />
                  <test-case name="nist_dom.fundamental.NodeTest.core0058NO" executed="True" success="True" time="0.000" asserts="1" />
                  <test-case name="nist_dom.fundamental.NodeTest.core0059NO" executed="True" success="True" time="0.000" asserts="1" />
                  <test-case name="nist_dom.fundamental.NodeTest.core0060NO" executed="True" success="True" time="0.000" asserts="1" />
                  <test-case name="nist_dom.fundamental.NodeTest.core0061NO" executed="True" success="True" time="0.000" asserts="1" />
                  <test-case name="nist_dom.fundamental.NodeTest.core0062NO" executed="True" success="True" time="0.001" asserts="1" />
                  <test-case name="nist_dom.fundamental.NodeTest.core0063NO" executed="True" success="True" time="0.000" asserts="1" />
                  <test-case name="nist_dom.fundamental.NodeTest.core0064NO" executed="True" success="True" time="0.000" asserts="1" />
                  <test-case name="nist_dom.fundamental.NodeTest.core0065NO" executed="True" success="True" time="0.001" asserts="1" />
                  <test-case name="nist_dom.fundamental.NodeTest.core0066NO" executed="True" success="True" time="0.000" asserts="1" />
                  <test-case name="nist_dom.fundamental.NodeTest.core0067NO" executed="True" success="True" time="0.001" asserts="1" />
                  <test-case name="nist_dom.fundamental.NodeTest.core0068NO" executed="True" success="True" time="0.001" asserts="1" />
                  <test-case name="nist_dom.fundamental.NodeTest.core0069NO" executed="True" success="True" time="0.001" asserts="1" />
                  <test-case name="nist_dom.fundamental.NodeTest.core0070NO" executed="True" success="True" time="0.001" asserts="1" />
                  <test-case name="nist_dom.fundamental.NodeTest.core0071NO" executed="True" success="True" time="0.001" asserts="1" />
                  <test-case name="nist_dom.fundamental.NodeTest.core0072NO" executed="True" success="True" time="0.001" asserts="1" />
                  <test-case name="nist_dom.fundamental.NodeTest.core0073NO" executed="True" success="True" time="0.001" asserts="1" />
                  <test-case name="nist_dom.fundamental.NodeTest.core0074NO" executed="True" success="True" time="0.000" asserts="1" />
                  <test-case name="nist_dom.fundamental.NodeTest.core0075NO" executed="True" success="True" time="0.000" asserts="1" />
                  <test-case name="nist_dom.fundamental.NodeTest.core0076NO" executed="True" success="True" time="0.001" asserts="1" />
                  <test-case name="nist_dom.fundamental.NodeTest.core0077NO" executed="True" success="True" time="0.001" asserts="1" />
                  <test-case name="nist_dom.fundamental.NodeTest.core0078NO" executed="True" success="True" time="0.000" asserts="1" />
                  <test-case name="nist_dom.fundamental.NodeTest.core0079NO" executed="True" success="True" time="0.000" asserts="1" />
                  <test-case name="nist_dom.fundamental.NodeTest.core0080NO" executed="True" success="True" time="0.000" asserts="1" />
                  <test-case name="nist_dom.fundamental.NodeTest.core0081NO" executed="True" success="True" time="0.000" asserts="1" />
                  <test-case name="nist_dom.fundamental.NodeTest.core0082NO" executed="True" success="True" time="0.001" asserts="1" />
                  <test-case name="nist_dom.fundamental.NodeTest.core0083NO" executed="True" success="True" time="0.001" asserts="1" />
                  <test-case name="nist_dom.fundamental.NodeTest.core0084NO" executed="True" success="True" time="0.000" asserts="1" />
                  <test-case name="nist_dom.fundamental.NodeTest.core0085NO" executed="True" success="True" time="0.001" asserts="1" />
                  <test-case name="nist_dom.fundamental.NodeTest.core0086NO" executed="True" success="True" time="0.001" asserts="1" />
                  <test-case name="nist_dom.fundamental.NodeTest.core0087NO" executed="True" success="True" time="0.001" asserts="1" />
                  <test-case name="nist_dom.fundamental.NodeTest.core0088NO" executed="True" success="True" time="0.001" asserts="1" />
                  <test-case name="nist_dom.fundamental.NodeTest.core0089NO" executed="True" success="True" time="0.001" asserts="1" />
                  <test-case name="nist_dom.fundamental.NodeTest.core0090NO" executed="True" success="True" time="0.001" asserts="1" />
                  <test-case name="nist_dom.fundamental.NodeTest.core0091NO" executed="True" success="True" time="0.001" asserts="1" />
                  <test-case name="nist_dom.fundamental.NodeTest.core0092NO" executed="True" success="True" time="0.001" asserts="1" />
                  <test-case name="nist_dom.fundamental.NodeTest.core0093NO" executed="True" success="True" time="0.003" asserts="1" />
                  <test-case name="nist_dom.fundamental.NodeTest.core0094NO" executed="True" success="True" time="0.001" asserts="1" />
                  <test-case name="nist_dom.fundamental.NodeTest.core0095NO" executed="True" success="True" time="0.001" asserts="1" />
                  <test-case name="nist_dom.fundamental.NodeTest.core0096NO" executed="True" success="True" time="0.001" asserts="1" />
                  <test-case name="nist_dom.fundamental.NodeTest.core0097NO" executed="True" success="True" time="0.001" asserts="1" />
                  <test-case name="nist_dom.fundamental.NodeTest.core0098NO" executed="True" success="True" time="0.001" asserts="1" />
                  <test-case name="nist_dom.fundamental.NodeTest.core0099NO" executed="True" success="True" time="0.001" asserts="1" />
                  <test-case name="nist_dom.fundamental.NodeTest.core0100NO" executed="True" success="True" time="0.001" asserts="1" />
                  <test-case name="nist_dom.fundamental.NodeTest.core0101NO" executed="True" success="True" time="0.001" asserts="1" />
                  <test-case name="nist_dom.fundamental.NodeTest.core0102NO" executed="True" success="True" time="0.001" asserts="1" />
                  <test-case name="nist_dom.fundamental.NodeTest.core0103NO" executed="True" success="True" time="0.001" asserts="1" />
                </results>
              </test-suite>
              <test-suite name="TextTest" success="True" time="0.013" asserts="0">
                <results>
                  <test-case name="nist_dom.fundamental.TextTest.core0001T" executed="True" success="True" time="0.001" asserts="1" />
                  <test-case name="nist_dom.fundamental.TextTest.core0002T" executed="True" success="True" time="0.001" asserts="1" />
                  <test-case name="nist_dom.fundamental.TextTest.core0003T" executed="True" success="True" time="0.001" asserts="1" />
                  <test-case name="nist_dom.fundamental.TextTest.core0004T" executed="True" success="True" time="0.001" asserts="1" />
                  <test-case name="nist_dom.fundamental.TextTest.core0005T" executed="True" success="True" time="0.001" asserts="1" />
                  <test-case name="nist_dom.fundamental.TextTest.core0006T" executed="True" success="True" time="0.001" asserts="1" />
                  <test-case name="nist_dom.fundamental.TextTest.core0007T" executed="True" success="True" time="0.001" asserts="1" />
                  <test-case name="nist_dom.fundamental.TextTest.core0008T" executed="True" success="True" time="0.001" asserts="1" />
                  <test-case name="nist_dom.fundamental.TextTest.core0009T" executed="True" success="True" time="0.001" asserts="1">
                    <categories>
                      <category name="NotDotNet" />
                    </categories>
                  </test-case>
                </results>
              </test-suite>
            </results>
          </test-suite>
        </results>
      </test-suite>
    </results>
  </test-suite>
</test-results>