<?xml version="1.0" encoding="utf-8" standalone="no"?>
<!--This file represents the results of running a test suite-->
<test-results name="Commons.Xml.Relaxng_test_net_4_5.dll" total="18" failures="0" not-run="0" date="2014-06-29" time="12:35:35">
  <environment nunit-version="2.4.8.0" clr-version="4.0.30319.17020" os-version="Unix 3.15.0.8" platform="Unix" cwd="/store/dash/mono-tizen/mono-sources/mcs/class/Commons.Xml.Relaxng" machine-name="mini" user="dash" user-domain="mini" />
  <culture-info current-culture="" current-uiculture="" />
  <test-suite name="Commons.Xml.Relaxng_test_net_4_5.dll" success="True" time="0.481" asserts="0">
    <results>
      <test-suite name="MonoTests" success="True" time="0.476" asserts="0">
        <results>
          <test-suite name="Commons" success="True" time="0.473" asserts="0">
            <results>
              <test-suite name="Xml" success="True" time="0.469" asserts="0">
                <results>
                  <test-suite name="Nvdl" success="True" time="0.327" asserts="0">
                    <results>
                      <test-suite name="NvdlValidatingReaderTests" success="True" time="0.319" asserts="0">
                        <results>
                          <test-case name="MonoTests.Commons.Xml.Nvdl.NvdlValidatingReaderTests.ReadNvdlNvdl" executed="True" success="True" time="0.065" asserts="0" />
                          <test-case name="MonoTests.Commons.Xml.Nvdl.NvdlValidatingReaderTests.ValidateNvdlNvdl" executed="True" success="True" time="0.241" asserts="0" />
                        </results>
                      </test-suite>
                    </results>
                  </test-suite>
                  <test-suite name="Relaxng" success="True" time="0.133" asserts="0">
                    <results>
                      <test-suite name="RdpPatternTests" success="True" time="0.005" asserts="0">
                        <results>
                          <test-case name="MonoTests.Commons.Xml.Relaxng.RdpPatternTests.ElementStartTagOpenDeriv" executed="True" success="True" time="0.005" asserts="5" />
                        </results>
                      </test-suite>
                      <test-suite name="RelaxngDatatypeProviderTests" success="True" time="0.041" asserts="0">
                        <results>
                          <test-case name="MonoTests.Commons.Xml.Relaxng.RelaxngDatatypeProviderTests.Bug463267" executed="True" success="True" time="0.033" asserts="0" />
                          <test-case name="MonoTests.Commons.Xml.Relaxng.RelaxngDatatypeProviderTests.CustomTypeProvider" executed="True" success="True" time="0.007" asserts="0" />
                        </results>
                      </test-suite>
                      <test-suite name="RelaxngReaderTests" success="True" time="0.007" asserts="0">
                        <results>
                          <test-case name="MonoTests.Commons.Xml.Relaxng.RelaxngReaderTests.Bug347945" executed="True" success="True" time="0.000" asserts="0" />
                          <test-case name="MonoTests.Commons.Xml.Relaxng.RelaxngReaderTests.CompileRelaxngGrammar" executed="True" success="True" time="0.004" asserts="1" />
                          <test-case name="MonoTests.Commons.Xml.Relaxng.RelaxngReaderTests.SimpleRead" executed="True" success="True" time="0.001" asserts="1" />
                        </results>
                      </test-suite>
                      <test-suite name="RelaxngValidatingReaderTests" success="True" time="0.024" asserts="0">
                        <results>
                          <test-case name="MonoTests.Commons.Xml.Relaxng.RelaxngValidatingReaderTests.ReadPracticalSample1" executed="True" success="True" time="0.013" asserts="0" />
                          <test-case name="MonoTests.Commons.Xml.Relaxng.RelaxngValidatingReaderTests.SimpleElementPattern1" executed="True" success="True" time="0.001" asserts="0" />
                          <test-case name="MonoTests.Commons.Xml.Relaxng.RelaxngValidatingReaderTests.SimpleElementPattern2" executed="True" success="True" time="0.001" asserts="0" />
                          <test-case name="MonoTests.Commons.Xml.Relaxng.RelaxngValidatingReaderTests.ValidateRelaxngGrammar" executed="True" success="True" time="0.006" asserts="0" />
                        </results>
                      </test-suite>
                      <test-suite name="RncTests" success="True" time="0.047" asserts="0">
                        <results>
                          <test-case name="MonoTests.Commons.Xml.Relaxng.RncTests.Annotations" executed="True" success="True" time="0.016" asserts="0" />
                          <test-case name="MonoTests.Commons.Xml.Relaxng.RncTests.InheritDefaultNamespace" executed="True" success="True" time="0.009" asserts="0" />
                          <test-case name="MonoTests.Commons.Xml.Relaxng.RncTests.SurrogateLiteral" executed="True" success="True" time="0.001" asserts="0" />
                          <test-case name="MonoTests.Commons.Xml.Relaxng.RncTests.TestAtomRnc" executed="True" success="True" time="0.012" asserts="0" />
                          <test-case name="MonoTests.Commons.Xml.Relaxng.RncTests.TestInfocardRnc" executed="True" success="True" time="0.001" asserts="0" />
                          <test-case name="MonoTests.Commons.Xml.Relaxng.RncTests.TestRelaxngRnc" executed="True" success="True" time="0.002" asserts="0" />
                        </results>
                      </test-suite>
                    </results>
                  </test-suite>
                </results>
              </test-suite>
            </results>
          </test-suite>
        </results>
      </test-suite>
    </results>
  </test-suite>
</test-results>